Fri Jan 16 13:41:55 2026: Running xcd server. This server was built by gradle.
Fri Jan 16 13:41:55 2026: Server was asked to start on port: '33515'
Fri Jan 16 13:41:55 2026: Server is using token UUID: '07874d06-f30b-11f0-9400-bcfce73dcffe'
Fri Jan 16 13:41:55 2026: SESSION_MGR: creating session with session uuid: '6d04a3e9-ade5-4ab9-8d63-1f78fcd2ec76' and name 'default'
Fri Jan 16 13:41:55 2026: Attempting to start server on port '33515'
Fri Jan 16 13:41:55 2026: XCD main fifo: created main fifo '/tmp/xcdmain07874d06-f30b-11f0-9400-bcfce73dcffe', fd read = 11
Fri Jan 16 13:41:55 2026: Running Dispatch Server
Fri Jan 16 13:41:55 2026: Version 2.2.0
Fri Jan 16 13:41:55 2026: Dispatch Server: Accepted socket connection from client
Fri Jan 16 13:41:55 2026: Starting Socket connection
Fri Jan 16 13:41:55 2026: EXCHANGE_TOKEN received, server token: 07874d06-f30b-11f0-9400-bcfce73dcffe, passed token: 07874d06-f30b-11f0-9400-bcfce73dcffe
Fri Jan 16 13:41:55 2026: SESSION_MGR: creating session with session uuid: '273f2957-fa3c-4e9d-8e62-796dff641191' and name 'Code Analyzer'
Fri Jan 16 13:41:55 2026: KERNEL_SVC: creating session with uuid: '273f2957-fa3c-4e9d-8e62-796dff641191' and name 'Code Analyzer'
Fri Jan 16 13:41:55 2026: GUIDANCE_SMGR: creating guidance session with uuid: '273f2957-fa3c-4e9d-8e62-796dff641191' and name 'Code Analyzer'
Fri Jan 16 13:42:12 2026: SESSION_MGR: closing session for UUID '273f2957-fa3c-4e9d-8e62-796dff641191' with name ''
Fri Jan 16 13:42:12 2026: KERNEL_SVC: closing session for UUID '273f2957-fa3c-4e9d-8e62-796dff641191' with name ''
Fri Jan 16 13:42:12 2026: GUIDANCE_SMGR: closing session for UUID '273f2957-fa3c-4e9d-8e62-796dff641191' with name ''
Fri Jan 16 13:42:12 2026: STOP_SERVER received, server token: 07874d06-f30b-11f0-9400-bcfce73dcffe, passed token: 07874d06-f30b-11f0-9400-bcfce73dcffe
Fri Jan 16 13:42:12 2026: Socket received request to stop server.
Fri Jan 16 13:42:12 2026: Dispatch Server: do_await_stop
Fri Jan 16 13:42:12 2026: Dispatch Server: stopping mainFifo_
Fri Jan 16 13:42:12 2026: XCD main fifo: Stopping
Fri Jan 16 13:42:12 2026: XCD main fifo: do_read error code: Operation canceled
Fri Jan 16 13:42:12 2026: XCD main fifo: bytes_transferred: 0
Fri Jan 16 13:42:12 2026: SERVER: destructor for server bound to port 33515
Fri Jan 16 13:42:12 2026: XCD main fifo: Good unlink of /tmp/xcdmain07874d06-f30b-11f0-9400-bcfce73dcffe
Fri Jan 16 13:42:12 2026: Server exiting with status 0.
Fri Jan 16 13:42:12 2026: Closing log file.
Tue Jan 20 09:41:51 2026: Running xcd server. This server was built by gradle.
Tue Jan 20 09:41:51 2026: Server was asked to start on port: '33627'
Tue Jan 20 09:41:51 2026: Server is using token UUID: '27bdd8e6-f60e-11f0-9400-bcfce73dcffe'
Tue Jan 20 09:41:51 2026: SESSION_MGR: creating session with session uuid: '6d04a3e9-ade5-4ab9-8d63-1f78fcd2ec76' and name 'default'
Tue Jan 20 09:41:51 2026: Attempting to start server on port '33627'
Tue Jan 20 09:41:51 2026: XCD main fifo: created main fifo '/tmp/xcdmain27bdd8e6-f60e-11f0-9400-bcfce73dcffe', fd read = 11
Tue Jan 20 09:41:51 2026: Running Dispatch Server
Tue Jan 20 09:41:51 2026: Version 2.2.0
Tue Jan 20 09:41:51 2026: Dispatch Server: Accepted socket connection from client
Tue Jan 20 09:41:51 2026: Starting Socket connection
Tue Jan 20 09:41:51 2026: EXCHANGE_TOKEN received, server token: 27bdd8e6-f60e-11f0-9400-bcfce73dcffe, passed token: 27bdd8e6-f60e-11f0-9400-bcfce73dcffe
Tue Jan 20 09:41:51 2026: SESSION_MGR: creating session with session uuid: '8e18b19f-00be-4a5c-b4c9-198fe54c0900' and name 'Code Analyzer'
Tue Jan 20 09:41:51 2026: KERNEL_SVC: creating session with uuid: '8e18b19f-00be-4a5c-b4c9-198fe54c0900' and name 'Code Analyzer'
Tue Jan 20 09:41:51 2026: GUIDANCE_SMGR: creating guidance session with uuid: '8e18b19f-00be-4a5c-b4c9-198fe54c0900' and name 'Code Analyzer'
Tue Jan 20 09:41:51 2026: SESSION_MGR: closing session for UUID '8e18b19f-00be-4a5c-b4c9-198fe54c0900' with name ''
Tue Jan 20 09:41:51 2026: KERNEL_SVC: closing session for UUID '8e18b19f-00be-4a5c-b4c9-198fe54c0900' with name ''
Tue Jan 20 09:41:51 2026: GUIDANCE_SMGR: closing session for UUID '8e18b19f-00be-4a5c-b4c9-198fe54c0900' with name ''
Tue Jan 20 09:41:51 2026: STOP_SERVER received, server token: 27bdd8e6-f60e-11f0-9400-bcfce73dcffe, passed token: 27bdd8e6-f60e-11f0-9400-bcfce73dcffe
Tue Jan 20 09:41:51 2026: Socket received request to stop server.
Tue Jan 20 09:41:51 2026: Dispatch Server: do_await_stop
Tue Jan 20 09:41:51 2026: Dispatch Server: stopping mainFifo_
Tue Jan 20 09:41:51 2026: XCD main fifo: Stopping
Tue Jan 20 09:41:51 2026: XCD main fifo: do_read error code: Operation canceled
Tue Jan 20 09:41:51 2026: XCD main fifo: bytes_transferred: 0
Tue Jan 20 09:41:51 2026: SERVER: destructor for server bound to port 33627
Tue Jan 20 09:41:51 2026: XCD main fifo: Good unlink of /tmp/xcdmain27bdd8e6-f60e-11f0-9400-bcfce73dcffe
Tue Jan 20 09:41:51 2026: Server exiting with status 0.
Tue Jan 20 09:41:51 2026: Closing log file.
