Copyright 1986-2022 Xilinx, Inc. All Rights Reserved. Copyright 2022-2025 Advanced Micro Devices, Inc. All Rights Reserved.
---------------------------------------------------------------------------------------------------------------------------------------------
| Tool Version : Vivado v.2025.1 (lin64) Build 6140274 Wed May 21 22:58:25 MDT 2025
| Date         : Sat Jan 31 20:51:44 2026
| Host         : gondor running 64-bit Ubuntu 24.04.3 LTS
| Command      : report_utilization -hierarchical -hierarchical_depth 6 -file ./report/cpu_utilization_hierarchical_synth.rpt
| Design       : bd_0_wrapper
| Device       : xc7z020clg400-1
| Speed File   : -1
| Design State : Synthesized
---------------------------------------------------------------------------------------------------------------------------------------------

Utilization Design Information

Table of Contents
-----------------
1. Utilization by Hierarchy

1. Utilization by Hierarchy
---------------------------

+-------------------------------------------------+-----------------------------------------------+------------+------------+---------+------+-----+--------+--------+------------+
|                     Instance                    |                     Module                    | Total LUTs | Logic LUTs | LUTRAMs | SRLs | FFs | RAMB36 | RAMB18 | DSP Blocks |
+-------------------------------------------------+-----------------------------------------------+------------+------------+---------+------+-----+--------+--------+------------+
| bd_0_wrapper                                    |                                         (top) |       1344 |       1344 |       0 |    0 | 598 |      1 |      0 |          3 |
|   bd_0_i                                        |                                          bd_0 |       1344 |       1344 |       0 |    0 | 598 |      1 |      0 |          3 |
|     hls_inst                                    |                               bd_0_hls_inst_0 |       1344 |       1344 |       0 |    0 | 598 |      1 |      0 |          3 |
|       inst                                      |                           bd_0_hls_inst_0_cpu |       1344 |       1344 |       0 |    0 | 598 |      1 |      0 |          3 |
|         grp_cpu_Pipeline_PROGRAM_LOOP_fu_38     | bd_0_hls_inst_0_cpu_cpu_Pipeline_PROGRAM_LOOP |       1296 |       1296 |       0 |    0 | 581 |      0 |      0 |          3 |
|           (grp_cpu_Pipeline_PROGRAM_LOOP_fu_38) | bd_0_hls_inst_0_cpu_cpu_Pipeline_PROGRAM_LOOP |       1281 |       1281 |       0 |    0 | 564 |      0 |      0 |          0 |
+-------------------------------------------------+-----------------------------------------------+------------+------------+---------+------+-----+--------+--------+------------+


