================================================================
== Design Size Report
================================================================

* Total Instructions per Compilation Phase
+---------------+-----------------------------+--------------+----------------------------------------------------------------------------------------+
| Phase         | Step                        | Instructions | Description                                                                            |
+---------------+-----------------------------+--------------+----------------------------------------------------------------------------------------+
| Compile/Link  |                             | 11,419       | After all functions are compiled and linked into a single design                       |
|               |                             |              |                                                                                        |
| Unroll/Inline |                             |              | After user unroll and inline pragmas are applied                                       |
|               | (1) unroll                  |    843       | user unroll pragmas are applied                                                        |
|               | (2) simplification          |    296       | simplification of applied user unroll pragmas                                          |
|               | (3) inline                  |    291       | user inline pragmas are applied                                                        |
|               | (4) simplification          |    291       | simplification of applied user inline pragmas                                          |
|               |                             |              |                                                                                        |
| Array/Struct  |                             |              | After user array partition and struct aggregate/disaggregate pragmas are applied       |
|               | (1) array partition         |    264       | user array partition pragmas are applied                                               |
|               | (2) simplification          |    251       | simplification of applied user array partition & struct aggregate/disaggregate pragmas |
|               | (3) aggregate/disaggregate  |    251       | user struct aggregate/disaggregate pragmas are applied                                 |
|               | (4) array reshape           |    251       | apply array reshape pragmas                                                            |
|               | (5) access patterns         |    252       | array access pattern optmizations                                                      |
|               |                             |              |                                                                                        |
| Performance   |                             |              | After transformations are applied to meet performance pragma targets                   |
|               | (1) loop simplification     |    252       | loop and instruction simplification                                                    |
|               | (2) parallelization         |    252       | loops are unrolled or pipelined to meet performance targets                            |
|               | (3) array partition         |    252       | arrays are partitioned to meet performance targets                                     |
|               | (4) simplification          |    252       | simplification of design after performance transformations                             |
|               |                             |              |                                                                                        |
| HW Transforms |                             |              | After hardware transfomations                                                          |
|               | (1) lowering                |    255       | initial conversion to HW specific instructions                                         |
|               | (2) optimizations           |    260       | high level synthesis optimizations                                                     |
+---------------+-----------------------------+--------------+----------------------------------------------------------------------------------------+

* Instructions per Function for each Compilation Phase
+----------+----------------+--------------+---------------+--------------+-------------+---------------+
| Function | Location       | Compile/Link | Unroll/Inline | Array/Struct | Performance | HW Transforms |
+----------+----------------+--------------+---------------+--------------+-------------+---------------+
|   cpu    | riscv32i.cc:19 | 11,419       | 291           | 252          | 252         | 260           |
+----------+----------------+--------------+---------------+--------------+-------------+---------------+

* Design Size Message Settings
+---------------------------------------------+--------+------------------------------------------------------------------+
| Message Setting                             | Value  | Description                                                      |
+---------------------------------------------+--------+------------------------------------------------------------------+
| config_compile -design_size_maximum_warning | 100000 | Show a warning when total design instructions exceeds this value |
+---------------------------------------------+--------+------------------------------------------------------------------+


