/home/elfo/Documents/ELEC5803/riscv_hls/riscv_hls/hls/.autopilot/db/riscv32i.pp.0.cc:2502:5: warning: Added loop label VITIS_LOOP_676_1:   [xilinx-label-all-loops]
    for (unsigned i = low; i != high+1; ++i) {
    ^~~
    VITIS_LOOP_676_1: 
/home/elfo/Documents/ELEC5803/riscv_hls/riscv_hls/hls/.autopilot/db/riscv32i.pp.0.cc:2502:5: note: FIX-IT applied suggested code changes
/home/elfo/Documents/ELEC5803/riscv_hls/riscv_hls/hls/.autopilot/db/riscv32i.pp.0.cc:2516:5: warning: Added loop label VITIS_LOOP_690_1:   [xilinx-label-all-loops]
    for (unsigned i = low; i != high+1; ++i) {
    ^~~
    VITIS_LOOP_690_1: 
/home/elfo/Documents/ELEC5803/riscv_hls/riscv_hls/hls/.autopilot/db/riscv32i.pp.0.cc:2516:5: note: FIX-IT applied suggested code changes
/home/elfo/Documents/ELEC5803/riscv_hls/riscv_hls/hls/.autopilot/db/riscv32i.pp.0.cc:2530:5: warning: Added loop label VITIS_LOOP_704_1:   [xilinx-label-all-loops]
    for (unsigned i = low; i != high+1; ++i) {
    ^~~
    VITIS_LOOP_704_1: 
/home/elfo/Documents/ELEC5803/riscv_hls/riscv_hls/hls/.autopilot/db/riscv32i.pp.0.cc:2530:5: note: FIX-IT applied suggested code changes
/home/elfo/Documents/ELEC5803/riscv_hls/riscv_hls/hls/.autopilot/db/riscv32i.pp.0.cc:4498:7: warning: Added loop label VITIS_LOOP_1248_1:   [xilinx-label-all-loops]
      for (i = 0; i < __N - 1; ++i) {
      ^~~
      VITIS_LOOP_1248_1: 
/home/elfo/Documents/ELEC5803/riscv_hls/riscv_hls/hls/.autopilot/db/riscv32i.pp.0.cc:4498:7: note: FIX-IT applied suggested code changes
/home/elfo/Documents/ELEC5803/riscv_hls/riscv_hls/hls/.autopilot/db/riscv32i.pp.0.cc:7230:9: error: Resource with core_name: RAM_1P_BRAM pragma is ignored, because this core doesn't exist at all  [clang-diagnostic-error]
#pragma HLS RESOURCE variable=mem core=RAM_1P_BRAM
        ^
/home/elfo/Documents/ELEC5803/riscv_hls/riscv_hls/hls/.autopilot/db/riscv32i.pp.0.cc:7236:3: warning: Added loop label VITIS_LOOP_27_1:   [xilinx-label-all-loops]
  for (int i = 0; i < (1 << 5); i++)
  ^~~
  VITIS_LOOP_27_1: 
/home/elfo/Documents/ELEC5803/riscv_hls/riscv_hls/hls/.autopilot/db/riscv32i.pp.0.cc:7236:3: note: FIX-IT applied suggested code changes
/home/elfo/Documents/ELEC5803/riscv_hls/riscv_hls/hls/.autopilot/db/riscv32i.pp.0.cc:7458:3: warning: Added loop label VITIS_LOOP_249_2:   [xilinx-label-all-loops]
  for (int i = 0; i < (1 << 5); i++)
  ^~~
  VITIS_LOOP_249_2: 
/home/elfo/Documents/ELEC5803/riscv_hls/riscv_hls/hls/.autopilot/db/riscv32i.pp.0.cc:7458:3: note: FIX-IT applied suggested code changes
