Copyright 1986-2022 Xilinx, Inc. All Rights Reserved. Copyright 2022-2025 Advanced Micro Devices, Inc. All Rights Reserved.
---------------------------------------------------------------------------------------------------------------------------------------------
| Tool Version : Vivado v.2025.1 (lin64) Build 6140274 Wed May 21 22:58:25 MDT 2025
| Date         : Tue Feb 17 20:53:28 2026
| Host         : gondor running 64-bit Ubuntu 24.04.3 LTS
| Command      : report_timing_summary -file ./report/cpu_timing_routed.rpt
| Design       : bd_0_wrapper
| Device       : 7z020-clg400
| Speed File   : -1  PRODUCTION 1.12 2019-11-22
| Design State : Routed
---------------------------------------------------------------------------------------------------------------------------------------------

Timing Summary Report

------------------------------------------------------------------------------------------------
| Timer Settings
| --------------
------------------------------------------------------------------------------------------------

  Enable Multi Corner Analysis               :  Yes
  Enable Pessimism Removal                   :  Yes
  Pessimism Removal Resolution               :  Nearest Common Node
  Enable Input Delay Default Clock           :  No
  Enable Preset / Clear Arcs                 :  No
  Disable Flight Delays                      :  No
  Ignore I/O Paths                           :  No
  Timing Early Launch at Borrowing Latches   :  No
  Borrow Time for Max Delay Exceptions       :  Yes
  Merge Timing Exceptions                    :  Yes
  Inter-SLR Compensation                     :  Conservative

  Corner  Analyze    Analyze    
  Name    Max Paths  Min Paths  
  ------  ---------  ---------  
  Slow    Yes        Yes        
  Fast    Yes        Yes        


------------------------------------------------------------------------------------------------
| Report Methodology
| ------------------
------------------------------------------------------------------------------------------------

Rule       Severity  Description                    Violations  
---------  --------  -----------------------------  ----------  
TIMING-18  Warning   Missing input or output delay  84          

Note: This report is based on the most recent report_methodology run and may not be up-to-date. Run report_methodology on the current design for the latest report.



check_timing report

Table of Contents
-----------------
1. checking no_clock (0)
2. checking constant_clock (0)
3. checking pulse_width_clock (0)
4. checking unconstrained_internal_endpoints (0)
5. checking no_input_delay (34)
6. checking no_output_delay (50)
7. checking multiple_clock (0)
8. checking generated_clocks (0)
9. checking loops (0)
10. checking partial_input_delay (0)
11. checking partial_output_delay (0)
12. checking latch_loops (0)

1. checking no_clock (0)
------------------------
 There are 0 register/latch pins with no clock.


2. checking constant_clock (0)
------------------------------
 There are 0 register/latch pins with constant_clock.


3. checking pulse_width_clock (0)
---------------------------------
 There are 0 register/latch pins which need pulse_width check


4. checking unconstrained_internal_endpoints (0)
------------------------------------------------
 There are 0 pins that are not constrained for maximum delay.

 There are 0 pins that are not constrained for maximum delay due to constant clock.


5. checking no_input_delay (34)
-------------------------------
 There are 34 input ports with no input delay specified. (HIGH)

 There are 0 input ports with no input delay but user has a false path constraint.


6. checking no_output_delay (50)
--------------------------------
 There are 50 ports with no output delay specified. (HIGH)

 There are 0 ports with no output delay but user has a false path constraint

 There are 0 ports with no output delay but with a timing clock defined on it or propagating through it


7. checking multiple_clock (0)
------------------------------
 There are 0 register/latch pins with multiple clocks.


8. checking generated_clocks (0)
--------------------------------
 There are 0 generated clocks that are not connected to a clock source.


9. checking loops (0)
---------------------
 There are 0 combinational loops in the design.


10. checking partial_input_delay (0)
------------------------------------
 There are 0 input ports with partial input delay specified.


11. checking partial_output_delay (0)
-------------------------------------
 There are 0 ports with partial output delay specified.


12. checking latch_loops (0)
----------------------------
 There are 0 combinational latch loops in the design through latch input



------------------------------------------------------------------------------------------------
| Design Timing Summary
| ---------------------
------------------------------------------------------------------------------------------------

    WNS(ns)      TNS(ns)  TNS Failing Endpoints  TNS Total Endpoints      WHS(ns)      THS(ns)  THS Failing Endpoints  THS Total Endpoints     WPWS(ns)     TPWS(ns)  TPWS Failing Endpoints  TPWS Total Endpoints  
    -------      -------  ---------------------  -------------------      -------      -------  ---------------------  -------------------     --------     --------  ----------------------  --------------------  
      2.547        0.000                      0                 1957        0.150        0.000                      0                 1957        4.500        0.000                       0                   694  


All user specified timing constraints are met.


------------------------------------------------------------------------------------------------
| Clock Summary
| -------------
------------------------------------------------------------------------------------------------

Clock   Waveform(ns)       Period(ns)      Frequency(MHz)
-----   ------------       ----------      --------------
ap_clk  {0.000 5.000}      10.000          100.000         


------------------------------------------------------------------------------------------------
| Intra Clock Table
| -----------------
------------------------------------------------------------------------------------------------

Clock             WNS(ns)      TNS(ns)  TNS Failing Endpoints  TNS Total Endpoints      WHS(ns)      THS(ns)  THS Failing Endpoints  THS Total Endpoints     WPWS(ns)     TPWS(ns)  TPWS Failing Endpoints  TPWS Total Endpoints  
-----             -------      -------  ---------------------  -------------------      -------      -------  ---------------------  -------------------     --------     --------  ----------------------  --------------------  
ap_clk              2.547        0.000                      0                 1957        0.150        0.000                      0                 1957        4.500        0.000                       0                   694  


------------------------------------------------------------------------------------------------
| Inter Clock Table
| -----------------
------------------------------------------------------------------------------------------------

From Clock    To Clock          WNS(ns)      TNS(ns)  TNS Failing Endpoints  TNS Total Endpoints      WHS(ns)      THS(ns)  THS Failing Endpoints  THS Total Endpoints  
----------    --------          -------      -------  ---------------------  -------------------      -------      -------  ---------------------  -------------------  


------------------------------------------------------------------------------------------------
| Other Path Groups Table
| -----------------------
------------------------------------------------------------------------------------------------

Path Group    From Clock    To Clock          WNS(ns)      TNS(ns)  TNS Failing Endpoints  TNS Total Endpoints      WHS(ns)      THS(ns)  THS Failing Endpoints  THS Total Endpoints  
----------    ----------    --------          -------      -------  ---------------------  -------------------      -------      -------  ---------------------  -------------------  


------------------------------------------------------------------------------------------------
| Timing Details
| --------------
------------------------------------------------------------------------------------------------


---------------------------------------------------------------------------------------------------
From Clock:  ap_clk
  To Clock:  ap_clk

Setup :            0  Failing Endpoints,  Worst Slack        2.547ns,  Total Violation        0.000ns
Hold  :            0  Failing Endpoints,  Worst Slack        0.150ns,  Total Violation        0.000ns
PW    :            0  Failing Endpoints,  Worst Slack        4.500ns,  Total Violation        0.000ns
---------------------------------------------------------------------------------------------------


Max Delay Paths
--------------------------------------------------------------------------------------
Slack (MET) :             2.547ns  (required time - arrival time)
  Source:                 bd_0_i/hls_inst/inst/grp_cpu_Pipeline_PROGRAM_LOOP_fu_58/opcode_reg_1199_reg[0]/C
                            (rising edge-triggered cell FDRE clocked by ap_clk  {rise@0.000ns fall@5.000ns period=10.000ns})
  Destination:            bd_0_i/hls_inst/inst/reg_file_U/ram0_reg/DIADI[27]
                            (rising edge-triggered cell RAMB36E1 clocked by ap_clk  {rise@0.000ns fall@5.000ns period=10.000ns})
  Path Group:             ap_clk
  Path Type:              Setup (Max at Slow Process Corner)
  Requirement:            10.000ns  (ap_clk rise@10.000ns - ap_clk rise@0.000ns)
  Data Path Delay:        7.128ns  (logic 1.746ns (24.494%)  route 5.382ns (75.506%))
  Logic Levels:           5  (LUT3=2 LUT5=1 LUT6=2)
  Clock Path Skew:        -0.049ns (DCD - SCD + CPR)
    Destination Clock Delay (DCD):    0.924ns = ( 10.924 - 10.000 ) 
    Source Clock Delay      (SCD):    0.973ns
    Clock Pessimism Removal (CPR):    0.000ns
  Clock Uncertainty:      0.035ns  ((TSJ^2 + TIJ^2)^1/2 + DJ) / 2 + PE
    Total System Jitter     (TSJ):    0.071ns
    Total Input Jitter      (TIJ):    0.000ns
    Discrete Jitter          (DJ):    0.000ns
    Phase Error              (PE):    0.000ns

    Location             Delay type                Incr(ns)  Path(ns)    Netlist Resource(s)
  -------------------------------------------------------------------    -------------------
                         (clock ap_clk rise edge)     0.000     0.000 r  
                                                      0.000     0.000 r  ap_clk (IN)
                         net (fo=696, unset)          0.973     0.973    bd_0_i/hls_inst/inst/grp_cpu_Pipeline_PROGRAM_LOOP_fu_58/ap_clk
    SLICE_X3Y11          FDRE                                         r  bd_0_i/hls_inst/inst/grp_cpu_Pipeline_PROGRAM_LOOP_fu_58/opcode_reg_1199_reg[0]/C
  -------------------------------------------------------------------    -------------------
    SLICE_X3Y11          FDRE (Prop_fdre_C_Q)         0.456     1.429 r  bd_0_i/hls_inst/inst/grp_cpu_Pipeline_PROGRAM_LOOP_fu_58/opcode_reg_1199_reg[0]/Q
                         net (fo=9, routed)           0.994     2.423    bd_0_i/hls_inst/inst/grp_cpu_Pipeline_PROGRAM_LOOP_fu_58/opcode_reg_1199[0]
    SLICE_X3Y13          LUT3 (Prop_lut3_I0_O)        0.152     2.575 f  bd_0_i/hls_inst/inst/grp_cpu_Pipeline_PROGRAM_LOOP_fu_58/and_ln188_reg_1467[0]_i_2/O
                         net (fo=6, routed)           0.496     3.070    bd_0_i/hls_inst/inst/grp_cpu_Pipeline_PROGRAM_LOOP_fu_58/and_ln188_reg_1467[0]_i_2_n_0
    SLICE_X4Y12          LUT6 (Prop_lut6_I1_O)        0.332     3.402 r  bd_0_i/hls_inst/inst/grp_cpu_Pipeline_PROGRAM_LOOP_fu_58/ap_predicate_pred492_state6_i_2/O
                         net (fo=22, routed)          1.409     4.812    bd_0_i/hls_inst/inst/grp_cpu_Pipeline_PROGRAM_LOOP_fu_58/ap_predicate_pred492_state6_i_2_n_0
    SLICE_X19Y13         LUT5 (Prop_lut5_I4_O)        0.149     4.961 r  bd_0_i/hls_inst/inst/grp_cpu_Pipeline_PROGRAM_LOOP_fu_58/ram0_reg_i_135/O
                         net (fo=31, routed)          0.962     5.923    bd_0_i/hls_inst/inst/grp_cpu_Pipeline_PROGRAM_LOOP_fu_58/ram0_reg_i_135_n_0
    SLICE_X11Y17         LUT3 (Prop_lut3_I2_O)        0.325     6.248 r  bd_0_i/hls_inst/inst/grp_cpu_Pipeline_PROGRAM_LOOP_fu_58/ram0_reg_i_61/O
                         net (fo=1, routed)           0.923     7.171    bd_0_i/hls_inst/inst/grp_cpu_Pipeline_PROGRAM_LOOP_fu_58/ram0_reg_i_61_n_0
    SLICE_X11Y11         LUT6 (Prop_lut6_I2_O)        0.332     7.503 r  bd_0_i/hls_inst/inst/grp_cpu_Pipeline_PROGRAM_LOOP_fu_58/ram0_reg_i_12/O
                         net (fo=1, routed)           0.598     8.101    bd_0_i/hls_inst/inst/reg_file_U/DIADI[27]
    RAMB36_X0Y1          RAMB36E1                                     r  bd_0_i/hls_inst/inst/reg_file_U/ram0_reg/DIADI[27]
  -------------------------------------------------------------------    -------------------

                         (clock ap_clk rise edge)    10.000    10.000 r  
                                                      0.000    10.000 r  ap_clk (IN)
                         net (fo=696, unset)          0.924    10.924    bd_0_i/hls_inst/inst/reg_file_U/ap_clk
    RAMB36_X0Y1          RAMB36E1                                     r  bd_0_i/hls_inst/inst/reg_file_U/ram0_reg/CLKARDCLK
                         clock pessimism              0.000    10.924    
                         clock uncertainty           -0.035    10.889    
    RAMB36_X0Y1          RAMB36E1 (Setup_ramb36e1_CLKARDCLK_DIADI[27])
                                                     -0.241    10.648    bd_0_i/hls_inst/inst/reg_file_U/ram0_reg
  -------------------------------------------------------------------
                         required time                         10.648    
                         arrival time                          -8.101    
  -------------------------------------------------------------------
                         slack                                  2.547    





Min Delay Paths
--------------------------------------------------------------------------------------
Slack (MET) :             0.150ns  (arrival time - required time)
  Source:                 bd_0_i/hls_inst/inst/grp_cpu_Pipeline_PROGRAM_LOOP_fu_58/mul_32s_32s_64_2_1_U4/buff0_reg[13]/C
                            (rising edge-triggered cell FDRE clocked by ap_clk  {rise@0.000ns fall@5.000ns period=10.000ns})
  Destination:            bd_0_i/hls_inst/inst/grp_cpu_Pipeline_PROGRAM_LOOP_fu_58/prod_ss_reg_1497_reg[30]/D
                            (rising edge-triggered cell FDRE clocked by ap_clk  {rise@0.000ns fall@5.000ns period=10.000ns})
  Path Group:             ap_clk
  Path Type:              Hold (Min at Fast Process Corner)
  Requirement:            0.000ns  (ap_clk rise@0.000ns - ap_clk rise@0.000ns)
  Data Path Delay:        0.305ns  (logic 0.251ns (82.267%)  route 0.054ns (17.733%))
  Logic Levels:           2  (CARRY4=1 LUT2=1)
  Clock Path Skew:        0.022ns (DCD - SCD - CPR)
    Destination Clock Delay (DCD):    0.432ns
    Source Clock Delay      (SCD):    0.410ns
    Clock Pessimism Removal (CPR):    -0.000ns

    Location             Delay type                Incr(ns)  Path(ns)    Netlist Resource(s)
  -------------------------------------------------------------------    -------------------
                         (clock ap_clk rise edge)     0.000     0.000 r  
                                                      0.000     0.000 r  ap_clk (IN)
                         net (fo=696, unset)          0.410     0.410    bd_0_i/hls_inst/inst/grp_cpu_Pipeline_PROGRAM_LOOP_fu_58/mul_32s_32s_64_2_1_U4/ap_clk
    SLICE_X13Y8          FDRE                                         r  bd_0_i/hls_inst/inst/grp_cpu_Pipeline_PROGRAM_LOOP_fu_58/mul_32s_32s_64_2_1_U4/buff0_reg[13]/C
  -------------------------------------------------------------------    -------------------
    SLICE_X13Y8          FDRE (Prop_fdre_C_Q)         0.141     0.551 r  bd_0_i/hls_inst/inst/grp_cpu_Pipeline_PROGRAM_LOOP_fu_58/mul_32s_32s_64_2_1_U4/buff0_reg[13]/Q
                         net (fo=1, routed)           0.054     0.605    bd_0_i/hls_inst/inst/grp_cpu_Pipeline_PROGRAM_LOOP_fu_58/mul_32ns_32s_64_2_1_U3/prod_ss_reg_1497_reg[35][13]
    SLICE_X12Y8          LUT2 (Prop_lut2_I1_O)        0.045     0.650 r  bd_0_i/hls_inst/inst/grp_cpu_Pipeline_PROGRAM_LOOP_fu_58/mul_32ns_32s_64_2_1_U3/tmp_product_carry__2_i_2/O
                         net (fo=1, routed)           0.000     0.650    bd_0_i/hls_inst/inst/grp_cpu_Pipeline_PROGRAM_LOOP_fu_58/mul_32s_32s_64_2_1_U4/prod_ss_reg_1497_reg[31][2]
    SLICE_X12Y8          CARRY4 (Prop_carry4_S[2]_O[2])
                                                      0.065     0.715 r  bd_0_i/hls_inst/inst/grp_cpu_Pipeline_PROGRAM_LOOP_fu_58/mul_32s_32s_64_2_1_U4/tmp_product_carry__2/O[2]
                         net (fo=1, routed)           0.000     0.715    bd_0_i/hls_inst/inst/grp_cpu_Pipeline_PROGRAM_LOOP_fu_58/buff0_reg__0[30]
    SLICE_X12Y8          FDRE                                         r  bd_0_i/hls_inst/inst/grp_cpu_Pipeline_PROGRAM_LOOP_fu_58/prod_ss_reg_1497_reg[30]/D
  -------------------------------------------------------------------    -------------------

                         (clock ap_clk rise edge)     0.000     0.000 r  
                                                      0.000     0.000 r  ap_clk (IN)
                         net (fo=696, unset)          0.432     0.432    bd_0_i/hls_inst/inst/grp_cpu_Pipeline_PROGRAM_LOOP_fu_58/ap_clk
    SLICE_X12Y8          FDRE                                         r  bd_0_i/hls_inst/inst/grp_cpu_Pipeline_PROGRAM_LOOP_fu_58/prod_ss_reg_1497_reg[30]/C
                         clock pessimism              0.000     0.432    
    SLICE_X12Y8          FDRE (Hold_fdre_C_D)         0.134     0.566    bd_0_i/hls_inst/inst/grp_cpu_Pipeline_PROGRAM_LOOP_fu_58/prod_ss_reg_1497_reg[30]
  -------------------------------------------------------------------
                         required time                         -0.566    
                         arrival time                           0.715    
  -------------------------------------------------------------------
                         slack                                  0.150    





Pulse Width Checks
--------------------------------------------------------------------------------------
Clock Name:         ap_clk
Waveform(ns):       { 0.000 5.000 }
Period(ns):         10.000
Sources:            { ap_clk }

Check Type        Corner  Lib Pin      Reference Pin  Required(ns)  Actual(ns)  Slack(ns)  Location    Pin
Min Period        n/a     DSP48E1/CLK  n/a            3.884         10.000      6.116      DSP48_X1Y4  bd_0_i/hls_inst/inst/grp_cpu_Pipeline_PROGRAM_LOOP_fu_58/mul_32ns_32ns_64_2_1_U2/buff0_reg/CLK
Low Pulse Width   Slow    FDSE/C       n/a            0.500         5.000       4.500      SLICE_X5Y7  bd_0_i/hls_inst/inst/ap_CS_fsm_reg[0]/C
High Pulse Width  Slow    FDSE/C       n/a            0.500         5.000       4.500      SLICE_X5Y7  bd_0_i/hls_inst/inst/ap_CS_fsm_reg[0]/C



