Copyright 1986-2022 Xilinx, Inc. All Rights Reserved. Copyright 2022-2025 Advanced Micro Devices, Inc. All Rights Reserved.
---------------------------------------------------------------------------------------------------------------------------------------------
| Tool Version : Vivado v.2025.1 (lin64) Build 6140274 Wed May 21 22:58:25 MDT 2025
| Date         : Tue Feb 17 20:52:45 2026
| Host         : gondor running 64-bit Ubuntu 24.04.3 LTS
| Command      : report_timing -max_paths 10 -file ./report/cpu_timing_paths_synth.rpt
| Design       : bd_0_wrapper
| Device       : 7z020-clg400
| Speed File   : -1  PRODUCTION 1.12 2019-11-22
| Design State : Synthesized
---------------------------------------------------------------------------------------------------------------------------------------------

Timing Report

Slack (MET) :             3.406ns  (required time - arrival time)
  Source:                 bd_0_i/hls_inst/inst/grp_cpu_Pipeline_PROGRAM_LOOP_fu_58/mul_32ns_32ns_64_2_1_U2/tmp_product__0/CLK
                            (rising edge-triggered cell DSP48E1 clocked by ap_clk  {rise@0.000ns fall@5.000ns period=10.000ns})
  Destination:            bd_0_i/hls_inst/inst/grp_cpu_Pipeline_PROGRAM_LOOP_fu_58/mul_32ns_32ns_64_2_1_U2/buff0_reg/C[0]
                            (rising edge-triggered cell DSP48E1 clocked by ap_clk  {rise@0.000ns fall@5.000ns period=10.000ns})
  Path Group:             ap_clk
  Path Type:              Setup (Max at Slow Process Corner)
  Requirement:            10.000ns  (ap_clk rise@10.000ns - ap_clk rise@0.000ns)
  Data Path Delay:        4.809ns  (logic 4.009ns (83.369%)  route 0.800ns (16.631%))
  Logic Levels:           0  
  Clock Path Skew:        -0.049ns (DCD - SCD + CPR)
    Destination Clock Delay (DCD):    0.924ns = ( 10.924 - 10.000 ) 
    Source Clock Delay      (SCD):    0.973ns
    Clock Pessimism Removal (CPR):    0.000ns
  Clock Uncertainty:      0.035ns  ((TSJ^2 + TIJ^2)^1/2 + DJ) / 2 + PE
    Total System Jitter     (TSJ):    0.071ns
    Total Input Jitter      (TIJ):    0.000ns
    Discrete Jitter          (DJ):    0.000ns
    Phase Error              (PE):    0.000ns

    Location             Delay type                Incr(ns)  Path(ns)    Netlist Resource(s)
  -------------------------------------------------------------------    -------------------
                         (clock ap_clk rise edge)     0.000     0.000 r  
                                                      0.000     0.000 r  ap_clk (IN)
                         net (fo=696, unset)          0.973     0.973    bd_0_i/hls_inst/inst/grp_cpu_Pipeline_PROGRAM_LOOP_fu_58/mul_32ns_32ns_64_2_1_U2/ap_clk
                         DSP48E1                                      r  bd_0_i/hls_inst/inst/grp_cpu_Pipeline_PROGRAM_LOOP_fu_58/mul_32ns_32ns_64_2_1_U2/tmp_product__0/CLK
  -------------------------------------------------------------------    -------------------
                         DSP48E1 (Prop_dsp48e1_CLK_P[17])
                                                      4.009     4.982 r  bd_0_i/hls_inst/inst/grp_cpu_Pipeline_PROGRAM_LOOP_fu_58/mul_32ns_32ns_64_2_1_U2/tmp_product__0/P[17]
                         net (fo=2, unplaced)         0.800     5.782    bd_0_i/hls_inst/inst/grp_cpu_Pipeline_PROGRAM_LOOP_fu_58/mul_32ns_32ns_64_2_1_U2/tmp_product__0_0[0]
                         DSP48E1                                      r  bd_0_i/hls_inst/inst/grp_cpu_Pipeline_PROGRAM_LOOP_fu_58/mul_32ns_32ns_64_2_1_U2/buff0_reg/C[0]
  -------------------------------------------------------------------    -------------------

                         (clock ap_clk rise edge)    10.000    10.000 r  
                                                      0.000    10.000 r  ap_clk (IN)
                         net (fo=696, unset)          0.924    10.924    bd_0_i/hls_inst/inst/grp_cpu_Pipeline_PROGRAM_LOOP_fu_58/mul_32ns_32ns_64_2_1_U2/ap_clk
                         DSP48E1                                      r  bd_0_i/hls_inst/inst/grp_cpu_Pipeline_PROGRAM_LOOP_fu_58/mul_32ns_32ns_64_2_1_U2/buff0_reg/CLK
                         clock pessimism              0.000    10.924    
                         clock uncertainty           -0.035    10.889    
                         DSP48E1 (Setup_dsp48e1_CLK_C[0])
                                                     -1.701     9.188    bd_0_i/hls_inst/inst/grp_cpu_Pipeline_PROGRAM_LOOP_fu_58/mul_32ns_32ns_64_2_1_U2/buff0_reg
  -------------------------------------------------------------------
                         required time                          9.188    
                         arrival time                          -5.782    
  -------------------------------------------------------------------
                         slack                                  3.406    

Slack (MET) :             3.406ns  (required time - arrival time)
  Source:                 bd_0_i/hls_inst/inst/grp_cpu_Pipeline_PROGRAM_LOOP_fu_58/mul_32ns_32ns_64_2_1_U2/tmp_product__0/CLK
                            (rising edge-triggered cell DSP48E1 clocked by ap_clk  {rise@0.000ns fall@5.000ns period=10.000ns})
  Destination:            bd_0_i/hls_inst/inst/grp_cpu_Pipeline_PROGRAM_LOOP_fu_58/mul_32ns_32ns_64_2_1_U2/buff0_reg/C[10]
                            (rising edge-triggered cell DSP48E1 clocked by ap_clk  {rise@0.000ns fall@5.000ns period=10.000ns})
  Path Group:             ap_clk
  Path Type:              Setup (Max at Slow Process Corner)
  Requirement:            10.000ns  (ap_clk rise@10.000ns - ap_clk rise@0.000ns)
  Data Path Delay:        4.809ns  (logic 4.009ns (83.369%)  route 0.800ns (16.631%))
  Logic Levels:           0  
  Clock Path Skew:        -0.049ns (DCD - SCD + CPR)
    Destination Clock Delay (DCD):    0.924ns = ( 10.924 - 10.000 ) 
    Source Clock Delay      (SCD):    0.973ns
    Clock Pessimism Removal (CPR):    0.000ns
  Clock Uncertainty:      0.035ns  ((TSJ^2 + TIJ^2)^1/2 + DJ) / 2 + PE
    Total System Jitter     (TSJ):    0.071ns
    Total Input Jitter      (TIJ):    0.000ns
    Discrete Jitter          (DJ):    0.000ns
    Phase Error              (PE):    0.000ns

    Location             Delay type                Incr(ns)  Path(ns)    Netlist Resource(s)
  -------------------------------------------------------------------    -------------------
                         (clock ap_clk rise edge)     0.000     0.000 r  
                                                      0.000     0.000 r  ap_clk (IN)
                         net (fo=696, unset)          0.973     0.973    bd_0_i/hls_inst/inst/grp_cpu_Pipeline_PROGRAM_LOOP_fu_58/mul_32ns_32ns_64_2_1_U2/ap_clk
                         DSP48E1                                      r  bd_0_i/hls_inst/inst/grp_cpu_Pipeline_PROGRAM_LOOP_fu_58/mul_32ns_32ns_64_2_1_U2/tmp_product__0/CLK
  -------------------------------------------------------------------    -------------------
                         DSP48E1 (Prop_dsp48e1_CLK_P[27])
                                                      4.009     4.982 r  bd_0_i/hls_inst/inst/grp_cpu_Pipeline_PROGRAM_LOOP_fu_58/mul_32ns_32ns_64_2_1_U2/tmp_product__0/P[27]
                         net (fo=2, unplaced)         0.800     5.782    bd_0_i/hls_inst/inst/grp_cpu_Pipeline_PROGRAM_LOOP_fu_58/mul_32ns_32ns_64_2_1_U2/tmp_product__0_0[10]
                         DSP48E1                                      r  bd_0_i/hls_inst/inst/grp_cpu_Pipeline_PROGRAM_LOOP_fu_58/mul_32ns_32ns_64_2_1_U2/buff0_reg/C[10]
  -------------------------------------------------------------------    -------------------

                         (clock ap_clk rise edge)    10.000    10.000 r  
                                                      0.000    10.000 r  ap_clk (IN)
                         net (fo=696, unset)          0.924    10.924    bd_0_i/hls_inst/inst/grp_cpu_Pipeline_PROGRAM_LOOP_fu_58/mul_32ns_32ns_64_2_1_U2/ap_clk
                         DSP48E1                                      r  bd_0_i/hls_inst/inst/grp_cpu_Pipeline_PROGRAM_LOOP_fu_58/mul_32ns_32ns_64_2_1_U2/buff0_reg/CLK
                         clock pessimism              0.000    10.924    
                         clock uncertainty           -0.035    10.889    
                         DSP48E1 (Setup_dsp48e1_CLK_C[10])
                                                     -1.701     9.188    bd_0_i/hls_inst/inst/grp_cpu_Pipeline_PROGRAM_LOOP_fu_58/mul_32ns_32ns_64_2_1_U2/buff0_reg
  -------------------------------------------------------------------
                         required time                          9.188    
                         arrival time                          -5.782    
  -------------------------------------------------------------------
                         slack                                  3.406    

Slack (MET) :             3.406ns  (required time - arrival time)
  Source:                 bd_0_i/hls_inst/inst/grp_cpu_Pipeline_PROGRAM_LOOP_fu_58/mul_32ns_32ns_64_2_1_U2/tmp_product__0/CLK
                            (rising edge-triggered cell DSP48E1 clocked by ap_clk  {rise@0.000ns fall@5.000ns period=10.000ns})
  Destination:            bd_0_i/hls_inst/inst/grp_cpu_Pipeline_PROGRAM_LOOP_fu_58/mul_32ns_32ns_64_2_1_U2/buff0_reg/C[11]
                            (rising edge-triggered cell DSP48E1 clocked by ap_clk  {rise@0.000ns fall@5.000ns period=10.000ns})
  Path Group:             ap_clk
  Path Type:              Setup (Max at Slow Process Corner)
  Requirement:            10.000ns  (ap_clk rise@10.000ns - ap_clk rise@0.000ns)
  Data Path Delay:        4.809ns  (logic 4.009ns (83.369%)  route 0.800ns (16.631%))
  Logic Levels:           0  
  Clock Path Skew:        -0.049ns (DCD - SCD + CPR)
    Destination Clock Delay (DCD):    0.924ns = ( 10.924 - 10.000 ) 
    Source Clock Delay      (SCD):    0.973ns
    Clock Pessimism Removal (CPR):    0.000ns
  Clock Uncertainty:      0.035ns  ((TSJ^2 + TIJ^2)^1/2 + DJ) / 2 + PE
    Total System Jitter     (TSJ):    0.071ns
    Total Input Jitter      (TIJ):    0.000ns
    Discrete Jitter          (DJ):    0.000ns
    Phase Error              (PE):    0.000ns

    Location             Delay type                Incr(ns)  Path(ns)    Netlist Resource(s)
  -------------------------------------------------------------------    -------------------
                         (clock ap_clk rise edge)     0.000     0.000 r  
                                                      0.000     0.000 r  ap_clk (IN)
                         net (fo=696, unset)          0.973     0.973    bd_0_i/hls_inst/inst/grp_cpu_Pipeline_PROGRAM_LOOP_fu_58/mul_32ns_32ns_64_2_1_U2/ap_clk
                         DSP48E1                                      r  bd_0_i/hls_inst/inst/grp_cpu_Pipeline_PROGRAM_LOOP_fu_58/mul_32ns_32ns_64_2_1_U2/tmp_product__0/CLK
  -------------------------------------------------------------------    -------------------
                         DSP48E1 (Prop_dsp48e1_CLK_P[28])
                                                      4.009     4.982 r  bd_0_i/hls_inst/inst/grp_cpu_Pipeline_PROGRAM_LOOP_fu_58/mul_32ns_32ns_64_2_1_U2/tmp_product__0/P[28]
                         net (fo=2, unplaced)         0.800     5.782    bd_0_i/hls_inst/inst/grp_cpu_Pipeline_PROGRAM_LOOP_fu_58/mul_32ns_32ns_64_2_1_U2/tmp_product__0_0[11]
                         DSP48E1                                      r  bd_0_i/hls_inst/inst/grp_cpu_Pipeline_PROGRAM_LOOP_fu_58/mul_32ns_32ns_64_2_1_U2/buff0_reg/C[11]
  -------------------------------------------------------------------    -------------------

                         (clock ap_clk rise edge)    10.000    10.000 r  
                                                      0.000    10.000 r  ap_clk (IN)
                         net (fo=696, unset)          0.924    10.924    bd_0_i/hls_inst/inst/grp_cpu_Pipeline_PROGRAM_LOOP_fu_58/mul_32ns_32ns_64_2_1_U2/ap_clk
                         DSP48E1                                      r  bd_0_i/hls_inst/inst/grp_cpu_Pipeline_PROGRAM_LOOP_fu_58/mul_32ns_32ns_64_2_1_U2/buff0_reg/CLK
                         clock pessimism              0.000    10.924    
                         clock uncertainty           -0.035    10.889    
                         DSP48E1 (Setup_dsp48e1_CLK_C[11])
                                                     -1.701     9.188    bd_0_i/hls_inst/inst/grp_cpu_Pipeline_PROGRAM_LOOP_fu_58/mul_32ns_32ns_64_2_1_U2/buff0_reg
  -------------------------------------------------------------------
                         required time                          9.188    
                         arrival time                          -5.782    
  -------------------------------------------------------------------
                         slack                                  3.406    

Slack (MET) :             3.406ns  (required time - arrival time)
  Source:                 bd_0_i/hls_inst/inst/grp_cpu_Pipeline_PROGRAM_LOOP_fu_58/mul_32ns_32ns_64_2_1_U2/tmp_product__0/CLK
                            (rising edge-triggered cell DSP48E1 clocked by ap_clk  {rise@0.000ns fall@5.000ns period=10.000ns})
  Destination:            bd_0_i/hls_inst/inst/grp_cpu_Pipeline_PROGRAM_LOOP_fu_58/mul_32ns_32ns_64_2_1_U2/buff0_reg/C[12]
                            (rising edge-triggered cell DSP48E1 clocked by ap_clk  {rise@0.000ns fall@5.000ns period=10.000ns})
  Path Group:             ap_clk
  Path Type:              Setup (Max at Slow Process Corner)
  Requirement:            10.000ns  (ap_clk rise@10.000ns - ap_clk rise@0.000ns)
  Data Path Delay:        4.809ns  (logic 4.009ns (83.369%)  route 0.800ns (16.631%))
  Logic Levels:           0  
  Clock Path Skew:        -0.049ns (DCD - SCD + CPR)
    Destination Clock Delay (DCD):    0.924ns = ( 10.924 - 10.000 ) 
    Source Clock Delay      (SCD):    0.973ns
    Clock Pessimism Removal (CPR):    0.000ns
  Clock Uncertainty:      0.035ns  ((TSJ^2 + TIJ^2)^1/2 + DJ) / 2 + PE
    Total System Jitter     (TSJ):    0.071ns
    Total Input Jitter      (TIJ):    0.000ns
    Discrete Jitter          (DJ):    0.000ns
    Phase Error              (PE):    0.000ns

    Location             Delay type                Incr(ns)  Path(ns)    Netlist Resource(s)
  -------------------------------------------------------------------    -------------------
                         (clock ap_clk rise edge)     0.000     0.000 r  
                                                      0.000     0.000 r  ap_clk (IN)
                         net (fo=696, unset)          0.973     0.973    bd_0_i/hls_inst/inst/grp_cpu_Pipeline_PROGRAM_LOOP_fu_58/mul_32ns_32ns_64_2_1_U2/ap_clk
                         DSP48E1                                      r  bd_0_i/hls_inst/inst/grp_cpu_Pipeline_PROGRAM_LOOP_fu_58/mul_32ns_32ns_64_2_1_U2/tmp_product__0/CLK
  -------------------------------------------------------------------    -------------------
                         DSP48E1 (Prop_dsp48e1_CLK_P[29])
                                                      4.009     4.982 r  bd_0_i/hls_inst/inst/grp_cpu_Pipeline_PROGRAM_LOOP_fu_58/mul_32ns_32ns_64_2_1_U2/tmp_product__0/P[29]
                         net (fo=2, unplaced)         0.800     5.782    bd_0_i/hls_inst/inst/grp_cpu_Pipeline_PROGRAM_LOOP_fu_58/mul_32ns_32ns_64_2_1_U2/tmp_product__0_0[12]
                         DSP48E1                                      r  bd_0_i/hls_inst/inst/grp_cpu_Pipeline_PROGRAM_LOOP_fu_58/mul_32ns_32ns_64_2_1_U2/buff0_reg/C[12]
  -------------------------------------------------------------------    -------------------

                         (clock ap_clk rise edge)    10.000    10.000 r  
                                                      0.000    10.000 r  ap_clk (IN)
                         net (fo=696, unset)          0.924    10.924    bd_0_i/hls_inst/inst/grp_cpu_Pipeline_PROGRAM_LOOP_fu_58/mul_32ns_32ns_64_2_1_U2/ap_clk
                         DSP48E1                                      r  bd_0_i/hls_inst/inst/grp_cpu_Pipeline_PROGRAM_LOOP_fu_58/mul_32ns_32ns_64_2_1_U2/buff0_reg/CLK
                         clock pessimism              0.000    10.924    
                         clock uncertainty           -0.035    10.889    
                         DSP48E1 (Setup_dsp48e1_CLK_C[12])
                                                     -1.701     9.188    bd_0_i/hls_inst/inst/grp_cpu_Pipeline_PROGRAM_LOOP_fu_58/mul_32ns_32ns_64_2_1_U2/buff0_reg
  -------------------------------------------------------------------
                         required time                          9.188    
                         arrival time                          -5.782    
  -------------------------------------------------------------------
                         slack                                  3.406    

Slack (MET) :             3.406ns  (required time - arrival time)
  Source:                 bd_0_i/hls_inst/inst/grp_cpu_Pipeline_PROGRAM_LOOP_fu_58/mul_32ns_32ns_64_2_1_U2/tmp_product__0/CLK
                            (rising edge-triggered cell DSP48E1 clocked by ap_clk  {rise@0.000ns fall@5.000ns period=10.000ns})
  Destination:            bd_0_i/hls_inst/inst/grp_cpu_Pipeline_PROGRAM_LOOP_fu_58/mul_32ns_32ns_64_2_1_U2/buff0_reg/C[13]
                            (rising edge-triggered cell DSP48E1 clocked by ap_clk  {rise@0.000ns fall@5.000ns period=10.000ns})
  Path Group:             ap_clk
  Path Type:              Setup (Max at Slow Process Corner)
  Requirement:            10.000ns  (ap_clk rise@10.000ns - ap_clk rise@0.000ns)
  Data Path Delay:        4.809ns  (logic 4.009ns (83.369%)  route 0.800ns (16.631%))
  Logic Levels:           0  
  Clock Path Skew:        -0.049ns (DCD - SCD + CPR)
    Destination Clock Delay (DCD):    0.924ns = ( 10.924 - 10.000 ) 
    Source Clock Delay      (SCD):    0.973ns
    Clock Pessimism Removal (CPR):    0.000ns
  Clock Uncertainty:      0.035ns  ((TSJ^2 + TIJ^2)^1/2 + DJ) / 2 + PE
    Total System Jitter     (TSJ):    0.071ns
    Total Input Jitter      (TIJ):    0.000ns
    Discrete Jitter          (DJ):    0.000ns
    Phase Error              (PE):    0.000ns

    Location             Delay type                Incr(ns)  Path(ns)    Netlist Resource(s)
  -------------------------------------------------------------------    -------------------
                         (clock ap_clk rise edge)     0.000     0.000 r  
                                                      0.000     0.000 r  ap_clk (IN)
                         net (fo=696, unset)          0.973     0.973    bd_0_i/hls_inst/inst/grp_cpu_Pipeline_PROGRAM_LOOP_fu_58/mul_32ns_32ns_64_2_1_U2/ap_clk
                         DSP48E1                                      r  bd_0_i/hls_inst/inst/grp_cpu_Pipeline_PROGRAM_LOOP_fu_58/mul_32ns_32ns_64_2_1_U2/tmp_product__0/CLK
  -------------------------------------------------------------------    -------------------
                         DSP48E1 (Prop_dsp48e1_CLK_P[30])
                                                      4.009     4.982 r  bd_0_i/hls_inst/inst/grp_cpu_Pipeline_PROGRAM_LOOP_fu_58/mul_32ns_32ns_64_2_1_U2/tmp_product__0/P[30]
                         net (fo=2, unplaced)         0.800     5.782    bd_0_i/hls_inst/inst/grp_cpu_Pipeline_PROGRAM_LOOP_fu_58/mul_32ns_32ns_64_2_1_U2/tmp_product__0_0[13]
                         DSP48E1                                      r  bd_0_i/hls_inst/inst/grp_cpu_Pipeline_PROGRAM_LOOP_fu_58/mul_32ns_32ns_64_2_1_U2/buff0_reg/C[13]
  -------------------------------------------------------------------    -------------------

                         (clock ap_clk rise edge)    10.000    10.000 r  
                                                      0.000    10.000 r  ap_clk (IN)
                         net (fo=696, unset)          0.924    10.924    bd_0_i/hls_inst/inst/grp_cpu_Pipeline_PROGRAM_LOOP_fu_58/mul_32ns_32ns_64_2_1_U2/ap_clk
                         DSP48E1                                      r  bd_0_i/hls_inst/inst/grp_cpu_Pipeline_PROGRAM_LOOP_fu_58/mul_32ns_32ns_64_2_1_U2/buff0_reg/CLK
                         clock pessimism              0.000    10.924    
                         clock uncertainty           -0.035    10.889    
                         DSP48E1 (Setup_dsp48e1_CLK_C[13])
                                                     -1.701     9.188    bd_0_i/hls_inst/inst/grp_cpu_Pipeline_PROGRAM_LOOP_fu_58/mul_32ns_32ns_64_2_1_U2/buff0_reg
  -------------------------------------------------------------------
                         required time                          9.188    
                         arrival time                          -5.782    
  -------------------------------------------------------------------
                         slack                                  3.406    

Slack (MET) :             3.406ns  (required time - arrival time)
  Source:                 bd_0_i/hls_inst/inst/grp_cpu_Pipeline_PROGRAM_LOOP_fu_58/mul_32ns_32ns_64_2_1_U2/tmp_product__0/CLK
                            (rising edge-triggered cell DSP48E1 clocked by ap_clk  {rise@0.000ns fall@5.000ns period=10.000ns})
  Destination:            bd_0_i/hls_inst/inst/grp_cpu_Pipeline_PROGRAM_LOOP_fu_58/mul_32ns_32ns_64_2_1_U2/buff0_reg/C[14]
                            (rising edge-triggered cell DSP48E1 clocked by ap_clk  {rise@0.000ns fall@5.000ns period=10.000ns})
  Path Group:             ap_clk
  Path Type:              Setup (Max at Slow Process Corner)
  Requirement:            10.000ns  (ap_clk rise@10.000ns - ap_clk rise@0.000ns)
  Data Path Delay:        4.809ns  (logic 4.009ns (83.369%)  route 0.800ns (16.631%))
  Logic Levels:           0  
  Clock Path Skew:        -0.049ns (DCD - SCD + CPR)
    Destination Clock Delay (DCD):    0.924ns = ( 10.924 - 10.000 ) 
    Source Clock Delay      (SCD):    0.973ns
    Clock Pessimism Removal (CPR):    0.000ns
  Clock Uncertainty:      0.035ns  ((TSJ^2 + TIJ^2)^1/2 + DJ) / 2 + PE
    Total System Jitter     (TSJ):    0.071ns
    Total Input Jitter      (TIJ):    0.000ns
    Discrete Jitter          (DJ):    0.000ns
    Phase Error              (PE):    0.000ns

    Location             Delay type                Incr(ns)  Path(ns)    Netlist Resource(s)
  -------------------------------------------------------------------    -------------------
                         (clock ap_clk rise edge)     0.000     0.000 r  
                                                      0.000     0.000 r  ap_clk (IN)
                         net (fo=696, unset)          0.973     0.973    bd_0_i/hls_inst/inst/grp_cpu_Pipeline_PROGRAM_LOOP_fu_58/mul_32ns_32ns_64_2_1_U2/ap_clk
                         DSP48E1                                      r  bd_0_i/hls_inst/inst/grp_cpu_Pipeline_PROGRAM_LOOP_fu_58/mul_32ns_32ns_64_2_1_U2/tmp_product__0/CLK
  -------------------------------------------------------------------    -------------------
                         DSP48E1 (Prop_dsp48e1_CLK_P[31])
                                                      4.009     4.982 r  bd_0_i/hls_inst/inst/grp_cpu_Pipeline_PROGRAM_LOOP_fu_58/mul_32ns_32ns_64_2_1_U2/tmp_product__0/P[31]
                         net (fo=2, unplaced)         0.800     5.782    bd_0_i/hls_inst/inst/grp_cpu_Pipeline_PROGRAM_LOOP_fu_58/mul_32ns_32ns_64_2_1_U2/tmp_product__0_0[14]
                         DSP48E1                                      r  bd_0_i/hls_inst/inst/grp_cpu_Pipeline_PROGRAM_LOOP_fu_58/mul_32ns_32ns_64_2_1_U2/buff0_reg/C[14]
  -------------------------------------------------------------------    -------------------

                         (clock ap_clk rise edge)    10.000    10.000 r  
                                                      0.000    10.000 r  ap_clk (IN)
                         net (fo=696, unset)          0.924    10.924    bd_0_i/hls_inst/inst/grp_cpu_Pipeline_PROGRAM_LOOP_fu_58/mul_32ns_32ns_64_2_1_U2/ap_clk
                         DSP48E1                                      r  bd_0_i/hls_inst/inst/grp_cpu_Pipeline_PROGRAM_LOOP_fu_58/mul_32ns_32ns_64_2_1_U2/buff0_reg/CLK
                         clock pessimism              0.000    10.924    
                         clock uncertainty           -0.035    10.889    
                         DSP48E1 (Setup_dsp48e1_CLK_C[14])
                                                     -1.701     9.188    bd_0_i/hls_inst/inst/grp_cpu_Pipeline_PROGRAM_LOOP_fu_58/mul_32ns_32ns_64_2_1_U2/buff0_reg
  -------------------------------------------------------------------
                         required time                          9.188    
                         arrival time                          -5.782    
  -------------------------------------------------------------------
                         slack                                  3.406    

Slack (MET) :             3.406ns  (required time - arrival time)
  Source:                 bd_0_i/hls_inst/inst/grp_cpu_Pipeline_PROGRAM_LOOP_fu_58/mul_32ns_32ns_64_2_1_U2/tmp_product__0/CLK
                            (rising edge-triggered cell DSP48E1 clocked by ap_clk  {rise@0.000ns fall@5.000ns period=10.000ns})
  Destination:            bd_0_i/hls_inst/inst/grp_cpu_Pipeline_PROGRAM_LOOP_fu_58/mul_32ns_32ns_64_2_1_U2/buff0_reg/C[15]
                            (rising edge-triggered cell DSP48E1 clocked by ap_clk  {rise@0.000ns fall@5.000ns period=10.000ns})
  Path Group:             ap_clk
  Path Type:              Setup (Max at Slow Process Corner)
  Requirement:            10.000ns  (ap_clk rise@10.000ns - ap_clk rise@0.000ns)
  Data Path Delay:        4.809ns  (logic 4.009ns (83.369%)  route 0.800ns (16.631%))
  Logic Levels:           0  
  Clock Path Skew:        -0.049ns (DCD - SCD + CPR)
    Destination Clock Delay (DCD):    0.924ns = ( 10.924 - 10.000 ) 
    Source Clock Delay      (SCD):    0.973ns
    Clock Pessimism Removal (CPR):    0.000ns
  Clock Uncertainty:      0.035ns  ((TSJ^2 + TIJ^2)^1/2 + DJ) / 2 + PE
    Total System Jitter     (TSJ):    0.071ns
    Total Input Jitter      (TIJ):    0.000ns
    Discrete Jitter          (DJ):    0.000ns
    Phase Error              (PE):    0.000ns

    Location             Delay type                Incr(ns)  Path(ns)    Netlist Resource(s)
  -------------------------------------------------------------------    -------------------
                         (clock ap_clk rise edge)     0.000     0.000 r  
                                                      0.000     0.000 r  ap_clk (IN)
                         net (fo=696, unset)          0.973     0.973    bd_0_i/hls_inst/inst/grp_cpu_Pipeline_PROGRAM_LOOP_fu_58/mul_32ns_32ns_64_2_1_U2/ap_clk
                         DSP48E1                                      r  bd_0_i/hls_inst/inst/grp_cpu_Pipeline_PROGRAM_LOOP_fu_58/mul_32ns_32ns_64_2_1_U2/tmp_product__0/CLK
  -------------------------------------------------------------------    -------------------
                         DSP48E1 (Prop_dsp48e1_CLK_P[32])
                                                      4.009     4.982 r  bd_0_i/hls_inst/inst/grp_cpu_Pipeline_PROGRAM_LOOP_fu_58/mul_32ns_32ns_64_2_1_U2/tmp_product__0/P[32]
                         net (fo=2, unplaced)         0.800     5.782    bd_0_i/hls_inst/inst/grp_cpu_Pipeline_PROGRAM_LOOP_fu_58/mul_32ns_32ns_64_2_1_U2/tmp_product__0_0[15]
                         DSP48E1                                      r  bd_0_i/hls_inst/inst/grp_cpu_Pipeline_PROGRAM_LOOP_fu_58/mul_32ns_32ns_64_2_1_U2/buff0_reg/C[15]
  -------------------------------------------------------------------    -------------------

                         (clock ap_clk rise edge)    10.000    10.000 r  
                                                      0.000    10.000 r  ap_clk (IN)
                         net (fo=696, unset)          0.924    10.924    bd_0_i/hls_inst/inst/grp_cpu_Pipeline_PROGRAM_LOOP_fu_58/mul_32ns_32ns_64_2_1_U2/ap_clk
                         DSP48E1                                      r  bd_0_i/hls_inst/inst/grp_cpu_Pipeline_PROGRAM_LOOP_fu_58/mul_32ns_32ns_64_2_1_U2/buff0_reg/CLK
                         clock pessimism              0.000    10.924    
                         clock uncertainty           -0.035    10.889    
                         DSP48E1 (Setup_dsp48e1_CLK_C[15])
                                                     -1.701     9.188    bd_0_i/hls_inst/inst/grp_cpu_Pipeline_PROGRAM_LOOP_fu_58/mul_32ns_32ns_64_2_1_U2/buff0_reg
  -------------------------------------------------------------------
                         required time                          9.188    
                         arrival time                          -5.782    
  -------------------------------------------------------------------
                         slack                                  3.406    

Slack (MET) :             3.406ns  (required time - arrival time)
  Source:                 bd_0_i/hls_inst/inst/grp_cpu_Pipeline_PROGRAM_LOOP_fu_58/mul_32ns_32ns_64_2_1_U2/tmp_product__0/CLK
                            (rising edge-triggered cell DSP48E1 clocked by ap_clk  {rise@0.000ns fall@5.000ns period=10.000ns})
  Destination:            bd_0_i/hls_inst/inst/grp_cpu_Pipeline_PROGRAM_LOOP_fu_58/mul_32ns_32ns_64_2_1_U2/buff0_reg/C[16]
                            (rising edge-triggered cell DSP48E1 clocked by ap_clk  {rise@0.000ns fall@5.000ns period=10.000ns})
  Path Group:             ap_clk
  Path Type:              Setup (Max at Slow Process Corner)
  Requirement:            10.000ns  (ap_clk rise@10.000ns - ap_clk rise@0.000ns)
  Data Path Delay:        4.809ns  (logic 4.009ns (83.369%)  route 0.800ns (16.631%))
  Logic Levels:           0  
  Clock Path Skew:        -0.049ns (DCD - SCD + CPR)
    Destination Clock Delay (DCD):    0.924ns = ( 10.924 - 10.000 ) 
    Source Clock Delay      (SCD):    0.973ns
    Clock Pessimism Removal (CPR):    0.000ns
  Clock Uncertainty:      0.035ns  ((TSJ^2 + TIJ^2)^1/2 + DJ) / 2 + PE
    Total System Jitter     (TSJ):    0.071ns
    Total Input Jitter      (TIJ):    0.000ns
    Discrete Jitter          (DJ):    0.000ns
    Phase Error              (PE):    0.000ns

    Location             Delay type                Incr(ns)  Path(ns)    Netlist Resource(s)
  -------------------------------------------------------------------    -------------------
                         (clock ap_clk rise edge)     0.000     0.000 r  
                                                      0.000     0.000 r  ap_clk (IN)
                         net (fo=696, unset)          0.973     0.973    bd_0_i/hls_inst/inst/grp_cpu_Pipeline_PROGRAM_LOOP_fu_58/mul_32ns_32ns_64_2_1_U2/ap_clk
                         DSP48E1                                      r  bd_0_i/hls_inst/inst/grp_cpu_Pipeline_PROGRAM_LOOP_fu_58/mul_32ns_32ns_64_2_1_U2/tmp_product__0/CLK
  -------------------------------------------------------------------    -------------------
                         DSP48E1 (Prop_dsp48e1_CLK_P[33])
                                                      4.009     4.982 r  bd_0_i/hls_inst/inst/grp_cpu_Pipeline_PROGRAM_LOOP_fu_58/mul_32ns_32ns_64_2_1_U2/tmp_product__0/P[33]
                         net (fo=2, unplaced)         0.800     5.782    bd_0_i/hls_inst/inst/grp_cpu_Pipeline_PROGRAM_LOOP_fu_58/mul_32ns_32ns_64_2_1_U2/tmp_product__0_0[16]
                         DSP48E1                                      r  bd_0_i/hls_inst/inst/grp_cpu_Pipeline_PROGRAM_LOOP_fu_58/mul_32ns_32ns_64_2_1_U2/buff0_reg/C[16]
  -------------------------------------------------------------------    -------------------

                         (clock ap_clk rise edge)    10.000    10.000 r  
                                                      0.000    10.000 r  ap_clk (IN)
                         net (fo=696, unset)          0.924    10.924    bd_0_i/hls_inst/inst/grp_cpu_Pipeline_PROGRAM_LOOP_fu_58/mul_32ns_32ns_64_2_1_U2/ap_clk
                         DSP48E1                                      r  bd_0_i/hls_inst/inst/grp_cpu_Pipeline_PROGRAM_LOOP_fu_58/mul_32ns_32ns_64_2_1_U2/buff0_reg/CLK
                         clock pessimism              0.000    10.924    
                         clock uncertainty           -0.035    10.889    
                         DSP48E1 (Setup_dsp48e1_CLK_C[16])
                                                     -1.701     9.188    bd_0_i/hls_inst/inst/grp_cpu_Pipeline_PROGRAM_LOOP_fu_58/mul_32ns_32ns_64_2_1_U2/buff0_reg
  -------------------------------------------------------------------
                         required time                          9.188    
                         arrival time                          -5.782    
  -------------------------------------------------------------------
                         slack                                  3.406    

Slack (MET) :             3.406ns  (required time - arrival time)
  Source:                 bd_0_i/hls_inst/inst/grp_cpu_Pipeline_PROGRAM_LOOP_fu_58/mul_32ns_32ns_64_2_1_U2/tmp_product__0/CLK
                            (rising edge-triggered cell DSP48E1 clocked by ap_clk  {rise@0.000ns fall@5.000ns period=10.000ns})
  Destination:            bd_0_i/hls_inst/inst/grp_cpu_Pipeline_PROGRAM_LOOP_fu_58/mul_32ns_32ns_64_2_1_U2/buff0_reg/C[17]
                            (rising edge-triggered cell DSP48E1 clocked by ap_clk  {rise@0.000ns fall@5.000ns period=10.000ns})
  Path Group:             ap_clk
  Path Type:              Setup (Max at Slow Process Corner)
  Requirement:            10.000ns  (ap_clk rise@10.000ns - ap_clk rise@0.000ns)
  Data Path Delay:        4.809ns  (logic 4.009ns (83.369%)  route 0.800ns (16.631%))
  Logic Levels:           0  
  Clock Path Skew:        -0.049ns (DCD - SCD + CPR)
    Destination Clock Delay (DCD):    0.924ns = ( 10.924 - 10.000 ) 
    Source Clock Delay      (SCD):    0.973ns
    Clock Pessimism Removal (CPR):    0.000ns
  Clock Uncertainty:      0.035ns  ((TSJ^2 + TIJ^2)^1/2 + DJ) / 2 + PE
    Total System Jitter     (TSJ):    0.071ns
    Total Input Jitter      (TIJ):    0.000ns
    Discrete Jitter          (DJ):    0.000ns
    Phase Error              (PE):    0.000ns

    Location             Delay type                Incr(ns)  Path(ns)    Netlist Resource(s)
  -------------------------------------------------------------------    -------------------
                         (clock ap_clk rise edge)     0.000     0.000 r  
                                                      0.000     0.000 r  ap_clk (IN)
                         net (fo=696, unset)          0.973     0.973    bd_0_i/hls_inst/inst/grp_cpu_Pipeline_PROGRAM_LOOP_fu_58/mul_32ns_32ns_64_2_1_U2/ap_clk
                         DSP48E1                                      r  bd_0_i/hls_inst/inst/grp_cpu_Pipeline_PROGRAM_LOOP_fu_58/mul_32ns_32ns_64_2_1_U2/tmp_product__0/CLK
  -------------------------------------------------------------------    -------------------
                         DSP48E1 (Prop_dsp48e1_CLK_P[34])
                                                      4.009     4.982 r  bd_0_i/hls_inst/inst/grp_cpu_Pipeline_PROGRAM_LOOP_fu_58/mul_32ns_32ns_64_2_1_U2/tmp_product__0/P[34]
                         net (fo=2, unplaced)         0.800     5.782    bd_0_i/hls_inst/inst/grp_cpu_Pipeline_PROGRAM_LOOP_fu_58/mul_32ns_32ns_64_2_1_U2/tmp_product__0_0[17]
                         DSP48E1                                      r  bd_0_i/hls_inst/inst/grp_cpu_Pipeline_PROGRAM_LOOP_fu_58/mul_32ns_32ns_64_2_1_U2/buff0_reg/C[17]
  -------------------------------------------------------------------    -------------------

                         (clock ap_clk rise edge)    10.000    10.000 r  
                                                      0.000    10.000 r  ap_clk (IN)
                         net (fo=696, unset)          0.924    10.924    bd_0_i/hls_inst/inst/grp_cpu_Pipeline_PROGRAM_LOOP_fu_58/mul_32ns_32ns_64_2_1_U2/ap_clk
                         DSP48E1                                      r  bd_0_i/hls_inst/inst/grp_cpu_Pipeline_PROGRAM_LOOP_fu_58/mul_32ns_32ns_64_2_1_U2/buff0_reg/CLK
                         clock pessimism              0.000    10.924    
                         clock uncertainty           -0.035    10.889    
                         DSP48E1 (Setup_dsp48e1_CLK_C[17])
                                                     -1.701     9.188    bd_0_i/hls_inst/inst/grp_cpu_Pipeline_PROGRAM_LOOP_fu_58/mul_32ns_32ns_64_2_1_U2/buff0_reg
  -------------------------------------------------------------------
                         required time                          9.188    
                         arrival time                          -5.782    
  -------------------------------------------------------------------
                         slack                                  3.406    

Slack (MET) :             3.406ns  (required time - arrival time)
  Source:                 bd_0_i/hls_inst/inst/grp_cpu_Pipeline_PROGRAM_LOOP_fu_58/mul_32ns_32ns_64_2_1_U2/tmp_product__0/CLK
                            (rising edge-triggered cell DSP48E1 clocked by ap_clk  {rise@0.000ns fall@5.000ns period=10.000ns})
  Destination:            bd_0_i/hls_inst/inst/grp_cpu_Pipeline_PROGRAM_LOOP_fu_58/mul_32ns_32ns_64_2_1_U2/buff0_reg/C[18]
                            (rising edge-triggered cell DSP48E1 clocked by ap_clk  {rise@0.000ns fall@5.000ns period=10.000ns})
  Path Group:             ap_clk
  Path Type:              Setup (Max at Slow Process Corner)
  Requirement:            10.000ns  (ap_clk rise@10.000ns - ap_clk rise@0.000ns)
  Data Path Delay:        4.809ns  (logic 4.009ns (83.369%)  route 0.800ns (16.631%))
  Logic Levels:           0  
  Clock Path Skew:        -0.049ns (DCD - SCD + CPR)
    Destination Clock Delay (DCD):    0.924ns = ( 10.924 - 10.000 ) 
    Source Clock Delay      (SCD):    0.973ns
    Clock Pessimism Removal (CPR):    0.000ns
  Clock Uncertainty:      0.035ns  ((TSJ^2 + TIJ^2)^1/2 + DJ) / 2 + PE
    Total System Jitter     (TSJ):    0.071ns
    Total Input Jitter      (TIJ):    0.000ns
    Discrete Jitter          (DJ):    0.000ns
    Phase Error              (PE):    0.000ns

    Location             Delay type                Incr(ns)  Path(ns)    Netlist Resource(s)
  -------------------------------------------------------------------    -------------------
                         (clock ap_clk rise edge)     0.000     0.000 r  
                                                      0.000     0.000 r  ap_clk (IN)
                         net (fo=696, unset)          0.973     0.973    bd_0_i/hls_inst/inst/grp_cpu_Pipeline_PROGRAM_LOOP_fu_58/mul_32ns_32ns_64_2_1_U2/ap_clk
                         DSP48E1                                      r  bd_0_i/hls_inst/inst/grp_cpu_Pipeline_PROGRAM_LOOP_fu_58/mul_32ns_32ns_64_2_1_U2/tmp_product__0/CLK
  -------------------------------------------------------------------    -------------------
                         DSP48E1 (Prop_dsp48e1_CLK_P[35])
                                                      4.009     4.982 r  bd_0_i/hls_inst/inst/grp_cpu_Pipeline_PROGRAM_LOOP_fu_58/mul_32ns_32ns_64_2_1_U2/tmp_product__0/P[35]
                         net (fo=2, unplaced)         0.800     5.782    bd_0_i/hls_inst/inst/grp_cpu_Pipeline_PROGRAM_LOOP_fu_58/mul_32ns_32ns_64_2_1_U2/tmp_product__0_0[18]
                         DSP48E1                                      r  bd_0_i/hls_inst/inst/grp_cpu_Pipeline_PROGRAM_LOOP_fu_58/mul_32ns_32ns_64_2_1_U2/buff0_reg/C[18]
  -------------------------------------------------------------------    -------------------

                         (clock ap_clk rise edge)    10.000    10.000 r  
                                                      0.000    10.000 r  ap_clk (IN)
                         net (fo=696, unset)          0.924    10.924    bd_0_i/hls_inst/inst/grp_cpu_Pipeline_PROGRAM_LOOP_fu_58/mul_32ns_32ns_64_2_1_U2/ap_clk
                         DSP48E1                                      r  bd_0_i/hls_inst/inst/grp_cpu_Pipeline_PROGRAM_LOOP_fu_58/mul_32ns_32ns_64_2_1_U2/buff0_reg/CLK
                         clock pessimism              0.000    10.924    
                         clock uncertainty           -0.035    10.889    
                         DSP48E1 (Setup_dsp48e1_CLK_C[18])
                                                     -1.701     9.188    bd_0_i/hls_inst/inst/grp_cpu_Pipeline_PROGRAM_LOOP_fu_58/mul_32ns_32ns_64_2_1_U2/buff0_reg
  -------------------------------------------------------------------
                         required time                          9.188    
                         arrival time                          -5.782    
  -------------------------------------------------------------------
                         slack                                  3.406    




