
*** Running vivado
    with args -log bd_0_hls_inst_0.vds -m64 -product Vivado -mode batch -messageDb vivado.pb -notrace -source bd_0_hls_inst_0.tcl


****** Vivado v2025.1 (64-bit)
  **** SW Build 6140274 on Wed May 21 22:58:25 MDT 2025
  **** IP Build 6138677 on Thu May 22 03:10:11 MDT 2025
  **** SharedData Build 6139179 on Tue May 20 17:58:58 MDT 2025
  **** Start of session at: Sat Jan 31 20:50:26 2026
    ** Copyright 1986-2022 Xilinx, Inc. All Rights Reserved.
    ** Copyright 2022-2025 Advanced Micro Devices, Inc. All Rights Reserved.

source bd_0_hls_inst_0.tcl -notrace
INFO: Dispatch client connection id - 42159
INFO: [IP_Flow 19-234] Refreshing IP repositories
INFO: [IP_Flow 19-1700] Loaded user IP repository '/home/elfo/Documents/ELEC5803/riscv_hls/riscv_hls/hls/impl/ip'.
INFO: [IP_Flow 19-2313] Loaded Vivado IP repository '/home/elfo/Documents/2025.1/Vivado/data/ip'.
Command: synth_design -top bd_0_hls_inst_0 -part xc7z020clg400-1 -directive sdx_optimization_effort_high -incremental_mode off -mode out_of_context
Starting synth_design
Attempting to get a license for feature 'Synthesis' and/or device 'xc7z020'
INFO: [Common 17-349] Got license for feature 'Synthesis' and/or device 'xc7z020'
INFO: [Device 21-403] Loading part xc7z020clg400-1
INFO: [Synth 8-7079] Multithreading enabled for synth_design using a maximum of 7 processes.
INFO: [Synth 8-7078] Launching helper process for spawning children vivado processes
INFO: [Synth 8-7075] Helper process launched with PID 1318814
---------------------------------------------------------------------------------
Starting RTL Elaboration : Time (s): cpu = 00:00:02 ; elapsed = 00:00:02 . Memory (MB): peak = 2157.637 ; gain = 440.742 ; free physical = 12157 ; free virtual = 53647
---------------------------------------------------------------------------------
INFO: [Synth 8-6157] synthesizing module 'bd_0_hls_inst_0' [/home/elfo/Documents/ELEC5803/riscv_hls/riscv_hls/hls/impl/verilog/project.gen/sources_1/bd/bd_0/ip/bd_0_hls_inst_0/synth/bd_0_hls_inst_0.v:53]
INFO: [Synth 8-6157] synthesizing module 'cpu' [/home/elfo/Documents/ELEC5803/riscv_hls/riscv_hls/hls/impl/verilog/project.gen/sources_1/bd/bd_0/ipshared/d7b7/hdl/verilog/cpu.v:9]
INFO: [Synth 8-6157] synthesizing module 'cpu_reg_file_RAM_1WNR_AUTO_1R1W' [/home/elfo/Documents/ELEC5803/riscv_hls/riscv_hls/hls/impl/verilog/project.gen/sources_1/bd/bd_0/ipshared/d7b7/hdl/verilog/cpu_reg_file_RAM_1WNR_AUTO_1R1W.v:7]
INFO: [Synth 8-6155] done synthesizing module 'cpu_reg_file_RAM_1WNR_AUTO_1R1W' (0#1) [/home/elfo/Documents/ELEC5803/riscv_hls/riscv_hls/hls/impl/verilog/project.gen/sources_1/bd/bd_0/ipshared/d7b7/hdl/verilog/cpu_reg_file_RAM_1WNR_AUTO_1R1W.v:7]
INFO: [Synth 8-6157] synthesizing module 'cpu_cpu_Pipeline_VITIS_LOOP_27_1' [/home/elfo/Documents/ELEC5803/riscv_hls/riscv_hls/hls/impl/verilog/project.gen/sources_1/bd/bd_0/ipshared/d7b7/hdl/verilog/cpu_cpu_Pipeline_VITIS_LOOP_27_1.v:9]
INFO: [Synth 8-6157] synthesizing module 'cpu_flow_control_loop_pipe_sequential_init' [/home/elfo/Documents/ELEC5803/riscv_hls/riscv_hls/hls/impl/verilog/project.gen/sources_1/bd/bd_0/ipshared/d7b7/hdl/verilog/cpu_flow_control_loop_pipe_sequential_init.v:11]
INFO: [Synth 8-6155] done synthesizing module 'cpu_flow_control_loop_pipe_sequential_init' (0#1) [/home/elfo/Documents/ELEC5803/riscv_hls/riscv_hls/hls/impl/verilog/project.gen/sources_1/bd/bd_0/ipshared/d7b7/hdl/verilog/cpu_flow_control_loop_pipe_sequential_init.v:11]
INFO: [Synth 8-6155] done synthesizing module 'cpu_cpu_Pipeline_VITIS_LOOP_27_1' (0#1) [/home/elfo/Documents/ELEC5803/riscv_hls/riscv_hls/hls/impl/verilog/project.gen/sources_1/bd/bd_0/ipshared/d7b7/hdl/verilog/cpu_cpu_Pipeline_VITIS_LOOP_27_1.v:9]
INFO: [Synth 8-6157] synthesizing module 'cpu_cpu_Pipeline_PROGRAM_LOOP' [/home/elfo/Documents/ELEC5803/riscv_hls/riscv_hls/hls/impl/verilog/project.gen/sources_1/bd/bd_0/ipshared/d7b7/hdl/verilog/cpu_cpu_Pipeline_PROGRAM_LOOP.v:9]
INFO: [Synth 8-6157] synthesizing module 'cpu_mul_32s_32s_32_2_1' [/home/elfo/Documents/ELEC5803/riscv_hls/riscv_hls/hls/impl/verilog/project.gen/sources_1/bd/bd_0/ipshared/d7b7/hdl/verilog/cpu_mul_32s_32s_32_2_1.v:5]
INFO: [Synth 8-6155] done synthesizing module 'cpu_mul_32s_32s_32_2_1' (0#1) [/home/elfo/Documents/ELEC5803/riscv_hls/riscv_hls/hls/impl/verilog/project.gen/sources_1/bd/bd_0/ipshared/d7b7/hdl/verilog/cpu_mul_32s_32s_32_2_1.v:5]
INFO: [Synth 8-6155] done synthesizing module 'cpu_cpu_Pipeline_PROGRAM_LOOP' (0#1) [/home/elfo/Documents/ELEC5803/riscv_hls/riscv_hls/hls/impl/verilog/project.gen/sources_1/bd/bd_0/ipshared/d7b7/hdl/verilog/cpu_cpu_Pipeline_PROGRAM_LOOP.v:9]
INFO: [Synth 8-6155] done synthesizing module 'cpu' (0#1) [/home/elfo/Documents/ELEC5803/riscv_hls/riscv_hls/hls/impl/verilog/project.gen/sources_1/bd/bd_0/ipshared/d7b7/hdl/verilog/cpu.v:9]
INFO: [Synth 8-6155] done synthesizing module 'bd_0_hls_inst_0' (0#1) [/home/elfo/Documents/ELEC5803/riscv_hls/riscv_hls/hls/impl/verilog/project.gen/sources_1/bd/bd_0/ip/bd_0_hls_inst_0/synth/bd_0_hls_inst_0.v:53]
WARNING: [Synth 8-6014] Unused sequential element ap_predicate_pred258_state5_reg was removed.  [/home/elfo/Documents/ELEC5803/riscv_hls/riscv_hls/hls/impl/verilog/project.gen/sources_1/bd/bd_0/ipshared/d7b7/hdl/verilog/cpu_cpu_Pipeline_PROGRAM_LOOP.v:413]
WARNING: [Synth 8-6014] Unused sequential element ap_predicate_pred1192_state8_reg was removed.  [/home/elfo/Documents/ELEC5803/riscv_hls/riscv_hls/hls/impl/verilog/project.gen/sources_1/bd/bd_0/ipshared/d7b7/hdl/verilog/cpu_cpu_Pipeline_PROGRAM_LOOP.v:424]
WARNING: [Synth 8-6014] Unused sequential element ap_predicate_pred217_state8_reg was removed.  [/home/elfo/Documents/ELEC5803/riscv_hls/riscv_hls/hls/impl/verilog/project.gen/sources_1/bd/bd_0/ipshared/d7b7/hdl/verilog/cpu_cpu_Pipeline_PROGRAM_LOOP.v:427]
INFO: [Synth 8-4490] FSM extraction disabled for register 'ap_CS_fsm_reg' through user attribute
INFO: [Synth 8-4490] FSM extraction disabled for register 'ap_CS_fsm_reg' through user attribute
WARNING: [Synth 8-7129] Port reset in module cpu_mul_32s_32s_32_2_1 is either unconnected or has no load
WARNING: [Synth 8-7129] Port reset in module cpu_reg_file_RAM_1WNR_AUTO_1R1W is either unconnected or has no load
---------------------------------------------------------------------------------
Finished RTL Elaboration : Time (s): cpu = 00:00:02 ; elapsed = 00:00:02 . Memory (MB): peak = 2247.574 ; gain = 530.680 ; free physical = 12051 ; free virtual = 53543
---------------------------------------------------------------------------------
---------------------------------------------------------------------------------
Start Handling Custom Attributes
---------------------------------------------------------------------------------
---------------------------------------------------------------------------------
Finished Handling Custom Attributes : Time (s): cpu = 00:00:02 ; elapsed = 00:00:03 . Memory (MB): peak = 2265.387 ; gain = 548.492 ; free physical = 12051 ; free virtual = 53543
---------------------------------------------------------------------------------
---------------------------------------------------------------------------------
Finished RTL Optimization Phase 1 : Time (s): cpu = 00:00:02 ; elapsed = 00:00:03 . Memory (MB): peak = 2265.387 ; gain = 548.492 ; free physical = 12051 ; free virtual = 53543
---------------------------------------------------------------------------------
Netlist sorting complete. Time (s): cpu = 00:00:00.01 ; elapsed = 00:00:00.01 . Memory (MB): peak = 2265.387 ; gain = 0.000 ; free physical = 12051 ; free virtual = 53542
INFO: [Project 1-570] Preparing netlist for logic optimization

Processing XDC Constraints
Initializing timing engine
Parsing XDC File [/home/elfo/Documents/ELEC5803/riscv_hls/riscv_hls/hls/impl/verilog/project.gen/sources_1/bd/bd_0/ip/bd_0_hls_inst_0/constraints/cpu_ooc.xdc] for cell 'inst'
Finished Parsing XDC File [/home/elfo/Documents/ELEC5803/riscv_hls/riscv_hls/hls/impl/verilog/project.gen/sources_1/bd/bd_0/ip/bd_0_hls_inst_0/constraints/cpu_ooc.xdc] for cell 'inst'
Parsing XDC File [/home/elfo/Documents/ELEC5803/riscv_hls/riscv_hls/hls/impl/verilog/project.runs/bd_0_hls_inst_0_synth_1/dont_touch.xdc]
Finished Parsing XDC File [/home/elfo/Documents/ELEC5803/riscv_hls/riscv_hls/hls/impl/verilog/project.runs/bd_0_hls_inst_0_synth_1/dont_touch.xdc]
Completed Processing XDC Constraints

Netlist sorting complete. Time (s): cpu = 00:00:00 ; elapsed = 00:00:00 . Memory (MB): peak = 2390.125 ; gain = 0.000 ; free physical = 12035 ; free virtual = 53526
INFO: [Project 1-111] Unisim Transformation Summary:
No Unisim elements were transformed.

Constraint Validation Runtime : Time (s): cpu = 00:00:00.02 ; elapsed = 00:00:00.01 . Memory (MB): peak = 2390.160 ; gain = 0.000 ; free physical = 12035 ; free virtual = 53527
INFO: [Designutils 20-5008] Incremental synthesis strategy off
---------------------------------------------------------------------------------
Finished Constraint Validation : Time (s): cpu = 00:00:05 ; elapsed = 00:00:05 . Memory (MB): peak = 2390.160 ; gain = 673.266 ; free physical = 12063 ; free virtual = 53554
---------------------------------------------------------------------------------
---------------------------------------------------------------------------------
Start Loading Part and Timing Information
---------------------------------------------------------------------------------
Loading part: xc7z020clg400-1
---------------------------------------------------------------------------------
Finished Loading Part and Timing Information : Time (s): cpu = 00:00:05 ; elapsed = 00:00:05 . Memory (MB): peak = 2398.129 ; gain = 681.234 ; free physical = 12063 ; free virtual = 53554
---------------------------------------------------------------------------------
---------------------------------------------------------------------------------
Start Applying 'set_property' XDC Constraints
---------------------------------------------------------------------------------
---------------------------------------------------------------------------------
Finished applying 'set_property' XDC Constraints : Time (s): cpu = 00:00:05 ; elapsed = 00:00:06 . Memory (MB): peak = 2398.129 ; gain = 681.234 ; free physical = 12063 ; free virtual = 53554
---------------------------------------------------------------------------------
WARNING: [Synth 8-3936] Found unconnected internal register 'val_reg_1471_reg' and it is trimmed from '32' to '16' bits. [/home/elfo/Documents/ELEC5803/riscv_hls/riscv_hls/hls/impl/verilog/project.gen/sources_1/bd/bd_0/ipshared/d7b7/hdl/verilog/cpu_cpu_Pipeline_PROGRAM_LOOP.v:453]
INFO: [Synth 8-4490] FSM extraction disabled for register 'ap_CS_fsm_reg' through user attribute
INFO: [Synth 8-4490] FSM extraction disabled for register 'ap_CS_fsm_reg' through user attribute
INFO: [Synth 8-4490] FSM extraction disabled for register 'ap_CS_fsm_reg' through user attribute
INFO: [Synth 8-4490] FSM extraction disabled for register 'ap_CS_fsm_reg' through user attribute
INFO: [Synth 8-4490] FSM extraction disabled for register 'ap_CS_fsm_reg' through user attribute
INFO: [Synth 8-4490] FSM extraction disabled for register 'ap_CS_fsm_reg' through user attribute
---------------------------------------------------------------------------------
Finished RTL Optimization Phase 2 : Time (s): cpu = 00:00:06 ; elapsed = 00:00:07 . Memory (MB): peak = 2398.129 ; gain = 681.234 ; free physical = 12072 ; free virtual = 53564
---------------------------------------------------------------------------------
---------------------------------------------------------------------------------
Start RTL Component Statistics 
---------------------------------------------------------------------------------
Detailed RTL Component Info : 
+---Adders : 
	   2 Input   32 Bit       Adders := 5     
	   3 Input   32 Bit       Adders := 1     
	   2 Input    6 Bit       Adders := 1     
+---XORs : 
	   2 Input     32 Bit         XORs := 1     
	   2 Input      1 Bit         XORs := 2     
+---Registers : 
	               32 Bit    Registers := 19    
	               31 Bit    Registers := 2     
	               20 Bit    Registers := 1     
	               16 Bit    Registers := 1     
	               14 Bit    Registers := 2     
	               12 Bit    Registers := 1     
	               11 Bit    Registers := 1     
	               10 Bit    Registers := 1     
	                7 Bit    Registers := 2     
	                6 Bit    Registers := 1     
	                5 Bit    Registers := 2     
	                4 Bit    Registers := 2     
	                3 Bit    Registers := 1     
	                2 Bit    Registers := 1     
	                1 Bit    Registers := 37    
+---Multipliers : 
	              32x32  Multipliers := 1     
+---RAMs : 
	             1024 Bit	(32 X 32 bit)          RAMs := 1     
+---Muxes : 
	   2 Input   32 Bit        Muxes := 14    
	   3 Input   10 Bit        Muxes := 1     
	   2 Input    6 Bit        Muxes := 1     
	   2 Input    5 Bit        Muxes := 1     
	   2 Input    4 Bit        Muxes := 5     
	   2 Input    3 Bit        Muxes := 1     
	   2 Input    2 Bit        Muxes := 2     
	   2 Input    1 Bit        Muxes := 15    
	   5 Input    1 Bit        Muxes := 1     
---------------------------------------------------------------------------------
Finished RTL Component Statistics 
---------------------------------------------------------------------------------
---------------------------------------------------------------------------------
Start Part Resource Summary
---------------------------------------------------------------------------------
Part Resources:
DSPs: 220 (col length:60)
BRAMs: 280 (col length: RAMB18 60 RAMB36 30)
---------------------------------------------------------------------------------
Finished Part Resource Summary
---------------------------------------------------------------------------------
---------------------------------------------------------------------------------
Start Cross Boundary and Area Optimization
---------------------------------------------------------------------------------
WARNING: [Synth 8-7080] Parallel synthesis criteria is not met
DSP Report: Generating DSP mul_32s_32s_32_2_1_U2/tmp_product, operation Mode is: A2*B.
DSP Report: register mul_32s_32s_32_2_1_U2/tmp_product is absorbed into DSP mul_32s_32s_32_2_1_U2/tmp_product.
DSP Report: operator mul_32s_32s_32_2_1_U2/tmp_product is absorbed into DSP mul_32s_32s_32_2_1_U2/tmp_product.
DSP Report: operator mul_32s_32s_32_2_1_U2/tmp_product is absorbed into DSP mul_32s_32s_32_2_1_U2/tmp_product.
DSP Report: Generating DSP mul_32s_32s_32_2_1_U2/buff0_reg, operation Mode is: (PCIN>>17)+A*B.
DSP Report: register mul_32s_32s_32_2_1_U2/buff0_reg is absorbed into DSP mul_32s_32s_32_2_1_U2/buff0_reg.
DSP Report: operator mul_32s_32s_32_2_1_U2/tmp_product is absorbed into DSP mul_32s_32s_32_2_1_U2/buff0_reg.
DSP Report: operator mul_32s_32s_32_2_1_U2/tmp_product is absorbed into DSP mul_32s_32s_32_2_1_U2/buff0_reg.
DSP Report: Generating DSP mul_32s_32s_32_2_1_U2/tmp_product, operation Mode is: A2*B2.
DSP Report: register mul_32s_32s_32_2_1_U2/tmp_product is absorbed into DSP mul_32s_32s_32_2_1_U2/tmp_product.
DSP Report: register mul_32s_32s_32_2_1_U2/tmp_product is absorbed into DSP mul_32s_32s_32_2_1_U2/tmp_product.
DSP Report: operator mul_32s_32s_32_2_1_U2/tmp_product is absorbed into DSP mul_32s_32s_32_2_1_U2/tmp_product.
DSP Report: operator mul_32s_32s_32_2_1_U2/tmp_product is absorbed into DSP mul_32s_32s_32_2_1_U2/tmp_product.
DSP Report: Generating DSP mul_32s_32s_32_2_1_U2/buff0_reg, operation Mode is: (PCIN>>17)+A2*B.
DSP Report: register mul_32s_32s_32_2_1_U2/buff0_reg is absorbed into DSP mul_32s_32s_32_2_1_U2/buff0_reg.
DSP Report: register mul_32s_32s_32_2_1_U2/buff0_reg is absorbed into DSP mul_32s_32s_32_2_1_U2/buff0_reg.
DSP Report: operator mul_32s_32s_32_2_1_U2/tmp_product is absorbed into DSP mul_32s_32s_32_2_1_U2/buff0_reg.
DSP Report: operator mul_32s_32s_32_2_1_U2/tmp_product is absorbed into DSP mul_32s_32s_32_2_1_U2/buff0_reg.
WARNING: [Synth 8-3332] Sequential element (mul_32s_32s_32_2_1_U2/buff0_reg[47]) is unused and will be removed from module cpu_cpu_Pipeline_PROGRAM_LOOP.
WARNING: [Synth 8-3332] Sequential element (mul_32s_32s_32_2_1_U2/buff0_reg[46]) is unused and will be removed from module cpu_cpu_Pipeline_PROGRAM_LOOP.
WARNING: [Synth 8-3332] Sequential element (mul_32s_32s_32_2_1_U2/buff0_reg[45]) is unused and will be removed from module cpu_cpu_Pipeline_PROGRAM_LOOP.
WARNING: [Synth 8-3332] Sequential element (mul_32s_32s_32_2_1_U2/buff0_reg[44]) is unused and will be removed from module cpu_cpu_Pipeline_PROGRAM_LOOP.
WARNING: [Synth 8-3332] Sequential element (mul_32s_32s_32_2_1_U2/buff0_reg[43]) is unused and will be removed from module cpu_cpu_Pipeline_PROGRAM_LOOP.
WARNING: [Synth 8-3332] Sequential element (mul_32s_32s_32_2_1_U2/buff0_reg[42]) is unused and will be removed from module cpu_cpu_Pipeline_PROGRAM_LOOP.
WARNING: [Synth 8-3332] Sequential element (mul_32s_32s_32_2_1_U2/buff0_reg[41]) is unused and will be removed from module cpu_cpu_Pipeline_PROGRAM_LOOP.
WARNING: [Synth 8-3332] Sequential element (mul_32s_32s_32_2_1_U2/buff0_reg[40]) is unused and will be removed from module cpu_cpu_Pipeline_PROGRAM_LOOP.
WARNING: [Synth 8-3332] Sequential element (mul_32s_32s_32_2_1_U2/buff0_reg[39]) is unused and will be removed from module cpu_cpu_Pipeline_PROGRAM_LOOP.
WARNING: [Synth 8-3332] Sequential element (mul_32s_32s_32_2_1_U2/buff0_reg[38]) is unused and will be removed from module cpu_cpu_Pipeline_PROGRAM_LOOP.
WARNING: [Synth 8-3332] Sequential element (mul_32s_32s_32_2_1_U2/buff0_reg[37]) is unused and will be removed from module cpu_cpu_Pipeline_PROGRAM_LOOP.
WARNING: [Synth 8-3332] Sequential element (mul_32s_32s_32_2_1_U2/buff0_reg[36]) is unused and will be removed from module cpu_cpu_Pipeline_PROGRAM_LOOP.
WARNING: [Synth 8-3332] Sequential element (mul_32s_32s_32_2_1_U2/buff0_reg[35]) is unused and will be removed from module cpu_cpu_Pipeline_PROGRAM_LOOP.
WARNING: [Synth 8-3332] Sequential element (mul_32s_32s_32_2_1_U2/buff0_reg[34]) is unused and will be removed from module cpu_cpu_Pipeline_PROGRAM_LOOP.
WARNING: [Synth 8-3332] Sequential element (mul_32s_32s_32_2_1_U2/buff0_reg[33]) is unused and will be removed from module cpu_cpu_Pipeline_PROGRAM_LOOP.
WARNING: [Synth 8-3332] Sequential element (mul_32s_32s_32_2_1_U2/buff0_reg[32]) is unused and will be removed from module cpu_cpu_Pipeline_PROGRAM_LOOP.
WARNING: [Synth 8-3332] Sequential element (mul_32s_32s_32_2_1_U2/buff0_reg[31]) is unused and will be removed from module cpu_cpu_Pipeline_PROGRAM_LOOP.
WARNING: [Synth 8-3332] Sequential element (mul_32s_32s_32_2_1_U2/buff0_reg[30]) is unused and will be removed from module cpu_cpu_Pipeline_PROGRAM_LOOP.
WARNING: [Synth 8-3332] Sequential element (mul_32s_32s_32_2_1_U2/buff0_reg[29]) is unused and will be removed from module cpu_cpu_Pipeline_PROGRAM_LOOP.
WARNING: [Synth 8-3332] Sequential element (mul_32s_32s_32_2_1_U2/buff0_reg[28]) is unused and will be removed from module cpu_cpu_Pipeline_PROGRAM_LOOP.
WARNING: [Synth 8-3332] Sequential element (mul_32s_32s_32_2_1_U2/buff0_reg[27]) is unused and will be removed from module cpu_cpu_Pipeline_PROGRAM_LOOP.
WARNING: [Synth 8-3332] Sequential element (mul_32s_32s_32_2_1_U2/buff0_reg[26]) is unused and will be removed from module cpu_cpu_Pipeline_PROGRAM_LOOP.
WARNING: [Synth 8-3332] Sequential element (mul_32s_32s_32_2_1_U2/buff0_reg[25]) is unused and will be removed from module cpu_cpu_Pipeline_PROGRAM_LOOP.
WARNING: [Synth 8-3332] Sequential element (mul_32s_32s_32_2_1_U2/buff0_reg[24]) is unused and will be removed from module cpu_cpu_Pipeline_PROGRAM_LOOP.
WARNING: [Synth 8-3332] Sequential element (mul_32s_32s_32_2_1_U2/buff0_reg[23]) is unused and will be removed from module cpu_cpu_Pipeline_PROGRAM_LOOP.
WARNING: [Synth 8-3332] Sequential element (mul_32s_32s_32_2_1_U2/buff0_reg[22]) is unused and will be removed from module cpu_cpu_Pipeline_PROGRAM_LOOP.
WARNING: [Synth 8-3332] Sequential element (mul_32s_32s_32_2_1_U2/buff0_reg[21]) is unused and will be removed from module cpu_cpu_Pipeline_PROGRAM_LOOP.
WARNING: [Synth 8-3332] Sequential element (mul_32s_32s_32_2_1_U2/buff0_reg[20]) is unused and will be removed from module cpu_cpu_Pipeline_PROGRAM_LOOP.
WARNING: [Synth 8-3332] Sequential element (mul_32s_32s_32_2_1_U2/buff0_reg[19]) is unused and will be removed from module cpu_cpu_Pipeline_PROGRAM_LOOP.
WARNING: [Synth 8-3332] Sequential element (mul_32s_32s_32_2_1_U2/buff0_reg[18]) is unused and will be removed from module cpu_cpu_Pipeline_PROGRAM_LOOP.
WARNING: [Synth 8-3332] Sequential element (mul_32s_32s_32_2_1_U2/buff0_reg[17]) is unused and will be removed from module cpu_cpu_Pipeline_PROGRAM_LOOP.
WARNING: [Synth 8-3332] Sequential element (mul_32s_32s_32_2_1_U2/buff0_reg[16]) is unused and will be removed from module cpu_cpu_Pipeline_PROGRAM_LOOP.
WARNING: [Synth 8-3332] Sequential element (mul_32s_32s_32_2_1_U2/buff0_reg[15]) is unused and will be removed from module cpu_cpu_Pipeline_PROGRAM_LOOP.
WARNING: [Synth 8-3332] Sequential element (mul_32s_32s_32_2_1_U2/buff0_reg[47]__0) is unused and will be removed from module cpu_cpu_Pipeline_PROGRAM_LOOP.
WARNING: [Synth 8-3332] Sequential element (mul_32s_32s_32_2_1_U2/buff0_reg[46]__0) is unused and will be removed from module cpu_cpu_Pipeline_PROGRAM_LOOP.
WARNING: [Synth 8-3332] Sequential element (mul_32s_32s_32_2_1_U2/buff0_reg[45]__0) is unused and will be removed from module cpu_cpu_Pipeline_PROGRAM_LOOP.
WARNING: [Synth 8-3332] Sequential element (mul_32s_32s_32_2_1_U2/buff0_reg[44]__0) is unused and will be removed from module cpu_cpu_Pipeline_PROGRAM_LOOP.
WARNING: [Synth 8-3332] Sequential element (mul_32s_32s_32_2_1_U2/buff0_reg[43]__0) is unused and will be removed from module cpu_cpu_Pipeline_PROGRAM_LOOP.
WARNING: [Synth 8-3332] Sequential element (mul_32s_32s_32_2_1_U2/buff0_reg[42]__0) is unused and will be removed from module cpu_cpu_Pipeline_PROGRAM_LOOP.
WARNING: [Synth 8-3332] Sequential element (mul_32s_32s_32_2_1_U2/buff0_reg[41]__0) is unused and will be removed from module cpu_cpu_Pipeline_PROGRAM_LOOP.
WARNING: [Synth 8-3332] Sequential element (mul_32s_32s_32_2_1_U2/buff0_reg[40]__0) is unused and will be removed from module cpu_cpu_Pipeline_PROGRAM_LOOP.
WARNING: [Synth 8-3332] Sequential element (mul_32s_32s_32_2_1_U2/buff0_reg[39]__0) is unused and will be removed from module cpu_cpu_Pipeline_PROGRAM_LOOP.
WARNING: [Synth 8-3332] Sequential element (mul_32s_32s_32_2_1_U2/buff0_reg[38]__0) is unused and will be removed from module cpu_cpu_Pipeline_PROGRAM_LOOP.
WARNING: [Synth 8-3332] Sequential element (mul_32s_32s_32_2_1_U2/buff0_reg[37]__0) is unused and will be removed from module cpu_cpu_Pipeline_PROGRAM_LOOP.
WARNING: [Synth 8-3332] Sequential element (mul_32s_32s_32_2_1_U2/buff0_reg[36]__0) is unused and will be removed from module cpu_cpu_Pipeline_PROGRAM_LOOP.
WARNING: [Synth 8-3332] Sequential element (mul_32s_32s_32_2_1_U2/buff0_reg[35]__0) is unused and will be removed from module cpu_cpu_Pipeline_PROGRAM_LOOP.
WARNING: [Synth 8-3332] Sequential element (mul_32s_32s_32_2_1_U2/buff0_reg[34]__0) is unused and will be removed from module cpu_cpu_Pipeline_PROGRAM_LOOP.
WARNING: [Synth 8-3332] Sequential element (mul_32s_32s_32_2_1_U2/buff0_reg[33]__0) is unused and will be removed from module cpu_cpu_Pipeline_PROGRAM_LOOP.
WARNING: [Synth 8-3332] Sequential element (mul_32s_32s_32_2_1_U2/buff0_reg[32]__0) is unused and will be removed from module cpu_cpu_Pipeline_PROGRAM_LOOP.
WARNING: [Synth 8-3332] Sequential element (mul_32s_32s_32_2_1_U2/buff0_reg[31]__0) is unused and will be removed from module cpu_cpu_Pipeline_PROGRAM_LOOP.
WARNING: [Synth 8-3332] Sequential element (mul_32s_32s_32_2_1_U2/buff0_reg[30]__0) is unused and will be removed from module cpu_cpu_Pipeline_PROGRAM_LOOP.
WARNING: [Synth 8-3332] Sequential element (mul_32s_32s_32_2_1_U2/buff0_reg[29]__0) is unused and will be removed from module cpu_cpu_Pipeline_PROGRAM_LOOP.
WARNING: [Synth 8-3332] Sequential element (mul_32s_32s_32_2_1_U2/buff0_reg[28]__0) is unused and will be removed from module cpu_cpu_Pipeline_PROGRAM_LOOP.
WARNING: [Synth 8-3332] Sequential element (mul_32s_32s_32_2_1_U2/buff0_reg[27]__0) is unused and will be removed from module cpu_cpu_Pipeline_PROGRAM_LOOP.
WARNING: [Synth 8-3332] Sequential element (mul_32s_32s_32_2_1_U2/buff0_reg[26]__0) is unused and will be removed from module cpu_cpu_Pipeline_PROGRAM_LOOP.
WARNING: [Synth 8-3332] Sequential element (mul_32s_32s_32_2_1_U2/buff0_reg[25]__0) is unused and will be removed from module cpu_cpu_Pipeline_PROGRAM_LOOP.
WARNING: [Synth 8-3332] Sequential element (mul_32s_32s_32_2_1_U2/buff0_reg[24]__0) is unused and will be removed from module cpu_cpu_Pipeline_PROGRAM_LOOP.
WARNING: [Synth 8-3332] Sequential element (mul_32s_32s_32_2_1_U2/buff0_reg[23]__0) is unused and will be removed from module cpu_cpu_Pipeline_PROGRAM_LOOP.
WARNING: [Synth 8-3332] Sequential element (mul_32s_32s_32_2_1_U2/buff0_reg[22]__0) is unused and will be removed from module cpu_cpu_Pipeline_PROGRAM_LOOP.
WARNING: [Synth 8-3332] Sequential element (mul_32s_32s_32_2_1_U2/buff0_reg[21]__0) is unused and will be removed from module cpu_cpu_Pipeline_PROGRAM_LOOP.
WARNING: [Synth 8-3332] Sequential element (mul_32s_32s_32_2_1_U2/buff0_reg[20]__0) is unused and will be removed from module cpu_cpu_Pipeline_PROGRAM_LOOP.
WARNING: [Synth 8-3332] Sequential element (mul_32s_32s_32_2_1_U2/buff0_reg[19]__0) is unused and will be removed from module cpu_cpu_Pipeline_PROGRAM_LOOP.
WARNING: [Synth 8-3332] Sequential element (mul_32s_32s_32_2_1_U2/buff0_reg[18]__0) is unused and will be removed from module cpu_cpu_Pipeline_PROGRAM_LOOP.
WARNING: [Synth 8-3332] Sequential element (mul_32s_32s_32_2_1_U2/buff0_reg[17]__0) is unused and will be removed from module cpu_cpu_Pipeline_PROGRAM_LOOP.
---------------------------------------------------------------------------------
Finished Cross Boundary and Area Optimization : Time (s): cpu = 00:00:11 ; elapsed = 00:00:11 . Memory (MB): peak = 2484.293 ; gain = 767.398 ; free physical = 12050 ; free virtual = 53540
---------------------------------------------------------------------------------
 Sort Area is  mul_32s_32s_32_2_1_U2/tmp_product_0 : 0 0 : 3137 5856 : Used 1 time 0
 Sort Area is  mul_32s_32s_32_2_1_U2/tmp_product_0 : 0 1 : 2719 5856 : Used 1 time 0
 Sort Area is  mul_32s_32s_32_2_1_U2/tmp_product_3 : 0 0 : 2652 5185 : Used 1 time 0
 Sort Area is  mul_32s_32s_32_2_1_U2/tmp_product_3 : 0 1 : 2533 5185 : Used 1 time 0
---------------------------------------------------------------------------------
Start ROM, RAM, DSP, Shift Register and Retiming Reporting
---------------------------------------------------------------------------------

Block RAM: Preliminary Mapping Report (see note below)
+------------+---------------------+------------------------+---+---+------------------------+---+---+------------------+--------+--------+
|Module Name | RTL Object          | PORT A (Depth x Width) | W | R | PORT B (Depth x Width) | W | R | Ports driving FF | RAMB18 | RAMB36 | 
+------------+---------------------+------------------------+---+---+------------------------+---+---+------------------+--------+--------+
|inst        | reg_file_U/ram0_reg | 32 x 32(READ_FIRST)    | W | R | 32 x 32(WRITE_FIRST)   |   | R | Port A and B     | 0      | 1      | 
+------------+---------------------+------------------------+---+---+------------------------+---+---+------------------+--------+--------+

Note: The table above is a preliminary report that shows the Block RAMs at the current stage of the synthesis flow. Some Block RAMs may be reimplemented as non Block RAM primitives later in the synthesis flow. Multiple instantiated Block RAMs are reported only once. 

DSP: Preliminary Mapping Report (see note below. The ' indicates corresponding REG is set)
+------------------------------+-----------------+--------+--------+--------+--------+--------+------+------+------+------+-------+------+------+
|Module Name                   | DSP Mapping     | A Size | B Size | C Size | D Size | P Size | AREG | BREG | CREG | DREG | ADREG | MREG | PREG | 
+------------------------------+-----------------+--------+--------+--------+--------+--------+------+------+------+------+-------+------+------+
|cpu_cpu_Pipeline_PROGRAM_LOOP | A2*B            | 18     | 15     | -      | -      | 48     | 1    | 0    | -    | -    | -     | 0    | 0    | 
|cpu_cpu_Pipeline_PROGRAM_LOOP | (PCIN>>17)+A*B  | 15     | 15     | -      | -      | 48     | 0    | 0    | -    | -    | -     | 0    | 1    | 
|cpu_cpu_Pipeline_PROGRAM_LOOP | A2*B2           | 18     | 18     | -      | -      | 48     | 1    | 1    | -    | -    | -     | 0    | 0    | 
|cpu_cpu_Pipeline_PROGRAM_LOOP | (PCIN>>17)+A2*B | 18     | 15     | -      | -      | 48     | 1    | 0    | -    | -    | -     | 0    | 1    | 
+------------------------------+-----------------+--------+--------+--------+--------+--------+------+------+------+------+-------+------+------+

Note: The table above is a preliminary report that shows the DSPs inferred at the current stage of the synthesis flow. Some DSP may be reimplemented as non DSP primitives later in the synthesis flow. Multiple instantiated DSPs are reported only once.
---------------------------------------------------------------------------------
Finished ROM, RAM, DSP, Shift Register and Retiming Reporting
---------------------------------------------------------------------------------
---------------------------------------------------------------------------------
Start Applying XDC Timing Constraints
---------------------------------------------------------------------------------
---------------------------------------------------------------------------------
Finished Applying XDC Timing Constraints : Time (s): cpu = 00:00:14 ; elapsed = 00:00:14 . Memory (MB): peak = 2484.293 ; gain = 767.398 ; free physical = 12174 ; free virtual = 53672
---------------------------------------------------------------------------------
---------------------------------------------------------------------------------
Start Timing Optimization
---------------------------------------------------------------------------------
---------------------------------------------------------------------------------
Finished Timing Optimization : Time (s): cpu = 00:00:14 ; elapsed = 00:00:14 . Memory (MB): peak = 2484.293 ; gain = 767.398 ; free physical = 12159 ; free virtual = 53657
---------------------------------------------------------------------------------
---------------------------------------------------------------------------------
Start ROM, RAM, DSP, Shift Register and Retiming Reporting
---------------------------------------------------------------------------------

Block RAM: Final Mapping Report
+------------+---------------------+------------------------+---+---+------------------------+---+---+------------------+--------+--------+
|Module Name | RTL Object          | PORT A (Depth x Width) | W | R | PORT B (Depth x Width) | W | R | Ports driving FF | RAMB18 | RAMB36 | 
+------------+---------------------+------------------------+---+---+------------------------+---+---+------------------+--------+--------+
|inst        | reg_file_U/ram0_reg | 32 x 32(READ_FIRST)    | W | R | 32 x 32(WRITE_FIRST)   |   | R | Port A and B     | 0      | 1      | 
+------------+---------------------+------------------------+---+---+------------------------+---+---+------------------+--------+--------+

---------------------------------------------------------------------------------
Finished ROM, RAM, DSP, Shift Register and Retiming Reporting
---------------------------------------------------------------------------------
---------------------------------------------------------------------------------
Start Technology Mapping
---------------------------------------------------------------------------------
INFO: [Synth 8-7052] The timing for the instance inst/reg_file_U/ram0_reg (implemented as a Block RAM) might be sub-optimal as no optional output register could be merged into the ram block. Providing additional output register may help in improving timing.
INFO: [Synth 8-7052] The timing for the instance inst/reg_file_U/ram0_reg (implemented as a Block RAM) might be sub-optimal as no optional output register could be merged into the ram block. Providing additional output register may help in improving timing.
---------------------------------------------------------------------------------
Finished Technology Mapping : Time (s): cpu = 00:00:14 ; elapsed = 00:00:15 . Memory (MB): peak = 2522.332 ; gain = 805.438 ; free physical = 12120 ; free virtual = 53618
---------------------------------------------------------------------------------
---------------------------------------------------------------------------------
Start IO Insertion
---------------------------------------------------------------------------------
---------------------------------------------------------------------------------
Start Flattening Before IO Insertion
---------------------------------------------------------------------------------
---------------------------------------------------------------------------------
Finished Flattening Before IO Insertion
---------------------------------------------------------------------------------
---------------------------------------------------------------------------------
Start Final Netlist Cleanup
---------------------------------------------------------------------------------
---------------------------------------------------------------------------------
Finished Final Netlist Cleanup
---------------------------------------------------------------------------------
---------------------------------------------------------------------------------
Finished IO Insertion : Time (s): cpu = 00:00:16 ; elapsed = 00:00:16 . Memory (MB): peak = 2665.145 ; gain = 948.250 ; free physical = 12047 ; free virtual = 53545
---------------------------------------------------------------------------------
---------------------------------------------------------------------------------
Start Renaming Generated Instances
---------------------------------------------------------------------------------
---------------------------------------------------------------------------------
Finished Renaming Generated Instances : Time (s): cpu = 00:00:16 ; elapsed = 00:00:16 . Memory (MB): peak = 2665.145 ; gain = 948.250 ; free physical = 12047 ; free virtual = 53545
---------------------------------------------------------------------------------
---------------------------------------------------------------------------------
Start Rebuilding User Hierarchy
---------------------------------------------------------------------------------
---------------------------------------------------------------------------------
Finished Rebuilding User Hierarchy : Time (s): cpu = 00:00:16 ; elapsed = 00:00:16 . Memory (MB): peak = 2665.145 ; gain = 948.250 ; free physical = 12047 ; free virtual = 53545
---------------------------------------------------------------------------------
---------------------------------------------------------------------------------
Start Renaming Generated Ports
---------------------------------------------------------------------------------
---------------------------------------------------------------------------------
Finished Renaming Generated Ports : Time (s): cpu = 00:00:16 ; elapsed = 00:00:16 . Memory (MB): peak = 2665.145 ; gain = 948.250 ; free physical = 12047 ; free virtual = 53545
---------------------------------------------------------------------------------
---------------------------------------------------------------------------------
Start Handling Custom Attributes
---------------------------------------------------------------------------------
---------------------------------------------------------------------------------
Finished Handling Custom Attributes : Time (s): cpu = 00:00:16 ; elapsed = 00:00:16 . Memory (MB): peak = 2668.113 ; gain = 951.219 ; free physical = 12047 ; free virtual = 53545
---------------------------------------------------------------------------------
---------------------------------------------------------------------------------
Start Renaming Generated Nets
---------------------------------------------------------------------------------
---------------------------------------------------------------------------------
Finished Renaming Generated Nets : Time (s): cpu = 00:00:16 ; elapsed = 00:00:16 . Memory (MB): peak = 2668.113 ; gain = 951.219 ; free physical = 12047 ; free virtual = 53545
---------------------------------------------------------------------------------
---------------------------------------------------------------------------------
Start Writing Synthesis Report
---------------------------------------------------------------------------------

DSP Final Report (the ' indicates corresponding REG is set)
+------------------------------+-------------------+--------+--------+--------+--------+--------+------+------+------+------+-------+------+------+
|Module Name                   | DSP Mapping       | A Size | B Size | C Size | D Size | P Size | AREG | BREG | CREG | DREG | ADREG | MREG | PREG | 
+------------------------------+-------------------+--------+--------+--------+--------+--------+------+------+------+------+-------+------+------+
|cpu_cpu_Pipeline_PROGRAM_LOOP | (A'*B')'          | 17     | 18     | -      | -      | 48     | 1    | 1    | -    | -    | -     | 0    | 1    | 
|cpu_cpu_Pipeline_PROGRAM_LOOP | A'*B'             | 17     | 17     | -      | -      | 48     | 1    | 1    | -    | -    | -     | 0    | 0    | 
|cpu_cpu_Pipeline_PROGRAM_LOOP | (PCIN>>17+A'*B')' | 17     | 18     | -      | -      | 48     | 1    | 1    | -    | -    | -     | 0    | 1    | 
+------------------------------+-------------------+--------+--------+--------+--------+--------+------+------+------+------+-------+------+------+


Report BlackBoxes: 
+-+--------------+----------+
| |BlackBox name |Instances |
+-+--------------+----------+
+-+--------------+----------+

Report Cell Usage: 
+------+---------+------+
|      |Cell     |Count |
+------+---------+------+
|1     |CARRY4   |    63|
|2     |DSP48E1  |     3|
|4     |LUT1     |     3|
|5     |LUT2     |   210|
|6     |LUT3     |    89|
|7     |LUT4     |   290|
|8     |LUT5     |   200|
|9     |LUT6     |   725|
|10    |RAMB36E1 |     1|
|11    |FDRE     |   596|
|12    |FDSE     |     2|
+------+---------+------+
---------------------------------------------------------------------------------
Finished Writing Synthesis Report : Time (s): cpu = 00:00:16 ; elapsed = 00:00:16 . Memory (MB): peak = 2668.113 ; gain = 951.219 ; free physical = 12047 ; free virtual = 53545
---------------------------------------------------------------------------------
Synthesis finished with 0 errors, 0 critical warnings and 66 warnings.
Synthesis Optimization Runtime : Time (s): cpu = 00:00:15 ; elapsed = 00:00:16 . Memory (MB): peak = 2668.113 ; gain = 826.445 ; free physical = 12047 ; free virtual = 53545
Synthesis Optimization Complete : Time (s): cpu = 00:00:16 ; elapsed = 00:00:16 . Memory (MB): peak = 2668.121 ; gain = 951.219 ; free physical = 12047 ; free virtual = 53545
INFO: [Project 1-571] Translating synthesized netlist
Netlist sorting complete. Time (s): cpu = 00:00:00.01 ; elapsed = 00:00:00.01 . Memory (MB): peak = 2668.121 ; gain = 0.000 ; free physical = 12186 ; free virtual = 53684
INFO: [Netlist 29-17] Analyzing 67 Unisim elements for replacement
INFO: [Netlist 29-28] Unisim Transformation completed in 0 CPU seconds
WARNING: [Netlist 29-101] Netlist 'bd_0_hls_inst_0' is not ideal for floorplanning, since the cellview 'cpu_cpu_Pipeline_PROGRAM_LOOP' contains a large number of primitives.  Please consider enabling hierarchy in synthesis if you want to do floorplanning.
INFO: [Project 1-570] Preparing netlist for logic optimization
INFO: [Opt 31-138] Pushed 0 inverter(s) to 0 load pin(s).
Netlist sorting complete. Time (s): cpu = 00:00:00 ; elapsed = 00:00:00 . Memory (MB): peak = 2724.141 ; gain = 0.000 ; free physical = 12185 ; free virtual = 53682
INFO: [Project 1-111] Unisim Transformation Summary:
No Unisim elements were transformed.

Synth Design complete | Checksum: 5e82f886
INFO: [Common 17-83] Releasing license: Synthesis
42 Infos, 72 Warnings, 0 Critical Warnings and 0 Errors encountered.
synth_design completed successfully
synth_design: Time (s): cpu = 00:00:19 ; elapsed = 00:00:18 . Memory (MB): peak = 2724.176 ; gain = 1174.078 ; free physical = 12184 ; free virtual = 53682
INFO: [Common 17-2834] synth_design peak Physical Memory [PSS] (MB): overall = 1896.395; main = 1845.600; forked = 274.568
INFO: [Common 17-2834] synth_design peak Virtual Memory [VSS] (MB): overall = 3442.176; main = 2724.145; forked = 964.027
Write ShapeDB Complete: Time (s): cpu = 00:00:00.01 ; elapsed = 00:00:00 . Memory (MB): peak = 2748.152 ; gain = 0.000 ; free physical = 12184 ; free virtual = 53682
INFO: [Common 17-1381] The checkpoint '/home/elfo/Documents/ELEC5803/riscv_hls/riscv_hls/hls/impl/verilog/project.runs/bd_0_hls_inst_0_synth_1/bd_0_hls_inst_0.dcp' has been generated.
INFO: [Coretcl 2-1648] Added synthesis output to IP cache for IP bd_0_hls_inst_0, cache-ID = 8f45fcd4972861fc
INFO: [Coretcl 2-1174] Renamed 6 cell refs.
Write ShapeDB Complete: Time (s): cpu = 00:00:00 ; elapsed = 00:00:00 . Memory (MB): peak = 2748.152 ; gain = 0.000 ; free physical = 12183 ; free virtual = 53682
INFO: [Common 17-1381] The checkpoint '/home/elfo/Documents/ELEC5803/riscv_hls/riscv_hls/hls/impl/verilog/project.runs/bd_0_hls_inst_0_synth_1/bd_0_hls_inst_0.dcp' has been generated.
INFO: [Vivado 12-24828] Executing command : report_utilization -file bd_0_hls_inst_0_utilization_synth.rpt -pb bd_0_hls_inst_0_utilization_synth.pb
INFO: [Common 17-206] Exiting Vivado at Sat Jan 31 20:50:47 2026...
